#
# There is insufficient memory for the Java Runtime Environment to continue.
# Native memory allocation (mmap) failed to map 262144 bytes for committing reserved memory.
# Possible reasons:
#   The system is out of physical RAM or swap space
#   In 32 bit mode, the process size limit was hit
# Possible solutions:
#   Reduce memory load on the system
#   Increase physical memory or swap space
#   Check if swap backing store is full
#   Use 64 bit Java on a 64 bit OS
#   Decrease Java heap size (-Xmx/-Xms)
#   Decrease number of Java threads
#   Decrease Java thread stack sizes (-Xss)
#   Set larger code cache with -XX:ReservedCodeCacheSize=
# This output file may be truncated or incomplete.
#
#  Out of Memory Error (os_linux.cpp:2640), pid=4838, tid=0x00007f939c5eb700
#
# JRE version: Java(TM) SE Runtime Environment (8.0_131-b11) (build 1.8.0_131-b11)
# Java VM: Java HotSpot(TM) 64-Bit Server VM (25.131-b11 mixed mode linux-amd64 compressed oops)
# Failed to write core dump. Core dumps have been disabled. To enable core dumping, try "ulimit -c unlimited" before starting Java again
#

---------------  T H R E A D  ---------------

Current thread (0x00007f9388007800):  JavaThread "Daemon worker" [_thread_in_vm, id=4890, stack(0x00007f939c4eb000,0x00007f939c5ec000)]

Stack: [0x00007f939c4eb000,0x00007f939c5ec000],  sp=0x00007f939c5e5680,  free space=1001k
Native frames: (J=compiled Java code, j=interpreted, Vv=VM code, C=native code)
V  [libjvm.so+0xac826a]  VMError::report_and_die()+0x2ba
V  [libjvm.so+0x4fd4cb]  report_vm_out_of_memory(char const*, int, unsigned long, VMErrorType, char const*)+0x8b
V  [libjvm.so+0x924f53]  os::Linux::commit_memory_impl(char*, unsigned long, bool)+0x103
V  [libjvm.so+0x9254a9]  os::pd_commit_memory(char*, unsigned long, unsigned long, bool)+0x29
V  [libjvm.so+0x91f6ca]  os::commit_memory(char*, unsigned long, unsigned long, bool)+0x2a
V  [libjvm.so+0xac3fc9]  VirtualSpace::expand_by(unsigned long, bool)+0x199
V  [libjvm.so+0x8a34e6]  VirtualSpaceList::expand_node_by(VirtualSpaceNode*, unsigned long, unsigned long)+0x76
V  [libjvm.so+0x8a6300]  VirtualSpaceList::expand_by(unsigned long, unsigned long)+0xf0
V  [libjvm.so+0x8a6493]  VirtualSpaceList::get_new_chunk(unsigned long, unsigned long, unsigned long)+0xb3
V  [libjvm.so+0x8a7fe2]  SpaceManager::grow_and_allocate(unsigned long)+0x2d2
V  [libjvm.so+0x8a81eb]  SpaceManager::allocate_work(unsigned long)+0x14b
V  [libjvm.so+0x8a827c]  SpaceManager::allocate(unsigned long)+0x7c
V  [libjvm.so+0x8a84ce]  Metaspace::allocate(ClassLoaderData*, unsigned long, bool, MetaspaceObj::Type, Thread*)+0x17e
V  [libjvm.so+0x4f1296]  ConstMethod::allocate(ClassLoaderData*, int, InlineTableSizes*, ConstMethod::MethodType, Thread*)+0xf6
V  [libjvm.so+0x8b14b8]  Method::allocate(ClassLoaderData*, int, AccessFlags, InlineTableSizes*, ConstMethod::MethodType, Thread*)+0x38
V  [libjvm.so+0x4601cf]  ClassFileParser::parse_method(bool, AccessFlags*, Thread*)+0x173f
V  [libjvm.so+0x460963]  ClassFileParser::parse_methods(bool, AccessFlags*, bool*, bool*, Thread*)+0x293
V  [libjvm.so+0x4617ea]  ClassFileParser::parseClassFile(Symbol*, ClassLoaderData*, Handle, KlassHandle, GrowableArray<Handle>*, TempNewSymbol&, bool, Thread*)+0xcca
V  [libjvm.so+0xa3863f]  SystemDictionary::resolve_from_stream(Symbol*, Handle, Handle, ClassFileStream*, bool, Thread*)+0x14f
V  [libjvm.so+0x711ece]  jvm_define_class_common(JNIEnv_*, char const*, _jobject*, signed char const*, int, _jobject*, char const*, unsigned char, Thread*)+0x2ae
V  [libjvm.so+0x7169a1]  JVM_DefineClassWithSource+0xe1
C  [libjava.so+0xebb5]  Java_java_lang_ClassLoader_defineClass1+0x155
J 484  java.lang.ClassLoader.defineClass1(Ljava/lang/String;[BIILjava/security/ProtectionDomain;Ljava/lang/String;)Ljava/lang/Class; (0 bytes) @ 0x00007f939d238d4b [0x00007f939d238c40+0x10b]
J 401 C1 java.lang.ClassLoader.defineClass(Ljava/lang/String;[BIILjava/security/ProtectionDomain;)Ljava/lang/Class; (43 bytes) @ 0x00007f939d201f06 [0x00007f939d201940+0x5c6]
J 356 C1 java.net.URLClassLoader.defineClass(Ljava/lang/String;Lsun/misc/Resource;)Ljava/lang/Class; (142 bytes) @ 0x00007f939d1cc6a8 [0x00007f939d1cabc0+0x1ae8]
J 289 C1 java.net.URLClassLoader$1.run()Ljava/lang/Class; (63 bytes) @ 0x00007f939d19f541 [0x00007f939d19f2a0+0x2a1]
J 249 C1 java.net.URLClassLoader$1.run()Ljava/lang/Object; (5 bytes) @ 0x00007f939d18b489 [0x00007f939d18b400+0x89]
v  ~StubRoutines::call_stub
V  [libjvm.so+0x691d16]  JavaCalls::call_helper(JavaValue*, methodHandle*, JavaCallArguments*, Thread*)+0x1056
V  [libjvm.so+0x72afec]  JVM_DoPrivileged+0x27c
J 239  java.security.AccessController.doPrivileged(Ljava/security/PrivilegedExceptionAction;Ljava/security/AccessControlContext;)Ljava/lang/Object; (0 bytes) @ 0x00007f939d17fad5 [0x00007f939d17fa00+0xd5]
J 248 C1 java.net.URLClassLoader.findClass(Ljava/lang/String;)Ljava/lang/Class; (47 bytes) @ 0x00007f939d18b943 [0x00007f939d18b7c0+0x183]
J 1024 C2 java.lang.ClassLoader.loadClass(Ljava/lang/String;Z)Ljava/lang/Class; (122 bytes) @ 0x00007f939d38ff70 [0x00007f939d38ef60+0x1010]
J 286 C1 java.lang.ClassLoader.loadClass(Ljava/lang/String;)Ljava/lang/Class; (7 bytes) @ 0x00007f939d19e1c2 [0x00007f939d19e0c0+0x102]
j  org.codehaus.groovy.reflection.GeneratedMetaMethod$DgmMethodRecord.loadDgmInfo()Ljava/util/List;+112
j  org.codehaus.groovy.runtime.metaclass.MetaClassRegistryImpl.registerMethods(Ljava/lang/Class;ZZLjava/util/Map;)V+4
j  org.codehaus.groovy.runtime.metaclass.MetaClassRegistryImpl.<init>(IZ)V+106
j  org.codehaus.groovy.runtime.metaclass.MetaClassRegistryImpl.<init>()V+3
j  groovy.lang.GroovySystem.<clinit>()V+8
v  ~StubRoutines::call_stub
V  [libjvm.so+0x691d16]  JavaCalls::call_helper(JavaValue*, methodHandle*, JavaCallArguments*, Thread*)+0x1056
V  [libjvm.so+0x643ad7]  InstanceKlass::call_class_initializer_impl(instanceKlassHandle, Thread*)+0xd7
V  [libjvm.so+0x6460ec]  InstanceKlass::initialize_impl(instanceKlassHandle, Thread*)+0x1ac
V  [libjvm.so+0x6464b1]  InstanceKlass::initialize(Thread*)+0x41
V  [libjvm.so+0x7fc766]  LinkResolver::resolve_static_call(CallInfo&, KlassHandle&, Symbol*, Symbol*, KlassHandle, bool, bool, Thread*)+0x246
V  [libjvm.so+0x7fc9ef]  LinkResolver::resolve_invokestatic(CallInfo&, constantPoolHandle, int, Thread*)+0x23f
V  [libjvm.so+0x7fda39]  LinkResolver::resolve_invoke(CallInfo&, Handle, constantPoolHandle, int, Bytecodes::Code, Thread*)+0x489
V  [libjvm.so+0x68b3a9]  InterpreterRuntime::resolve_invoke(JavaThread*, Bytecodes::Code)+0x1b9
j  org.codehaus.groovy.runtime.InvokerHelper.<clinit>()V+34
v  ~StubRoutines::call_stub
V  [libjvm.so+0x691d16]  JavaCalls::call_helper(JavaValue*, methodHandle*, JavaCallArguments*, Thread*)+0x1056
V  [libjvm.so+0x643ad7]  InstanceKlass::call_class_initializer_impl(instanceKlassHandle, Thread*)+0xd7
V  [libjvm.so+0x6460ec]  InstanceKlass::initialize_impl(instanceKlassHandle, Thread*)+0x1ac
V  [libjvm.so+0x6464b1]  InstanceKlass::initialize(Thread*)+0x41
V  [libjvm.so+0x7fc766]  LinkResolver::resolve_static_call(CallInfo&, KlassHandle&, Symbol*, Symbol*, KlassHandle, bool, bool, Thread*)+0x246
V  [libjvm.so+0x7fc9ef]  LinkResolver::resolve_invokestatic(CallInfo&, constantPoolHandle, int, Thread*)+0x23f
V  [libjvm.so+0x7fda39]  LinkResolver::resolve_invoke(CallInfo&, Handle, constantPoolHandle, int, Bytecodes::Code, Thread*)+0x489
V  [libjvm.so+0x68b3a9]  InterpreterRuntime::resolve_invoke(JavaThread*, Bytecodes::Code)+0x1b9
j  groovy.lang.GroovyObjectSupport.<init>()V+9
j  org.gradle.api.internal.plugins.DefaultExtraPropertiesExtension.<init>()V+1
j  org.gradle.api.internal.plugins.DefaultConvention.<init>(Lorg/gradle/internal/reflect/Instantiator;)V+44
j  org.gradle.api.internal.ExtensibleDynamicObject.<init>(Ljava/lang/Object;Lorg/gradle/internal/metaobject/AbstractDynamicObject;Lorg/gradle/internal/reflect/Instantiator;)V+8
j  org.gradle.api.internal.AsmBackedClassGenerator$MixInExtensibleDynamicObject.<init>(Ljava/lang/Object;Ljava/lang/Class;Lorg/gradle/internal/metaobject/DynamicObject;)V+11
j  org.gradle.initialization.DefaultSettings_Decorated.getAsDynamicObject()Lorg/gradle/internal/metaobject/DynamicObject;+22
j  org.gradle.initialization.SettingsFactory.createSettings(Lorg/gradle/api/internal/GradleInternal;Ljava/io/File;Lorg/gradle/groovy/scripts/ScriptSource;Ljava/util/Map;Lorg/gradle/StartParameter;Lorg/gradle/api/internal/initialization/ClassLoaderScope;)Lorg/gradle/api/internal/SettingsInternal;+69
j  org.gradle.initialization.ScriptEvaluatingSettingsProcessor.process(Lorg/gradle/api/internal/GradleInternal;Lorg/gradle/initialization/SettingsLocation;Lorg/gradle/api/internal/initialization/ClassLoaderScope;Lorg/gradle/StartParameter;)Lorg/gradle/api/internal/SettingsInternal;+37
j  org.gradle.initialization.PropertiesLoadingSettingsProcessor.process(Lorg/gradle/api/internal/GradleInternal;Lorg/gradle/initialization/SettingsLocation;Lorg/gradle/api/internal/initialization/ClassLoaderScope;Lorg/gradle/StartParameter;)Lorg/gradle/api/internal/SettingsInternal;+22
j  org.gradle.initialization.NotifyingSettingsProcessor$1.transform(Lorg/gradle/internal/operations/BuildOperationContext;)Lorg/gradle/api/internal/SettingsInternal;+23
j  org.gradle.initialization.NotifyingSettingsProcessor$1.transform(Ljava/lang/Object;)Ljava/lang/Object;+5
j  org.gradle.internal.progress.DefaultBuildOperationExecutor.run(Lorg/gradle/internal/progress/BuildOperationDetails;Lorg/gradle/api/Transformer;)Ljava/lang/Object;+276
j  org.gradle.initialization.NotifyingSettingsProcessor.process(Lorg/gradle/api/internal/GradleInternal;Lorg/gradle/initialization/SettingsLocation;Lorg/gradle/api/internal/initialization/ClassLoaderScope;Lorg/gradle/StartParameter;)Lorg/gradle/api/internal/SettingsInternal;+34
j  org.gradle.initialization.DefaultSettingsLoader.findSettingsAndLoadIfAppropriate(Lorg/gradle/api/internal/GradleInternal;Lorg/gradle/StartParameter;)Lorg/gradle/api/internal/SettingsInternal;+50
j  org.gradle.initialization.DefaultSettingsLoader.findAndLoadSettings(Lorg/gradle/api/internal/GradleInternal;)Lorg/gradle/api/internal/SettingsInternal;+10
j  org.gradle.internal.composite.CompositeBuildSettingsLoader.findAndLoadSettings(Lorg/gradle/api/internal/GradleInternal;)Lorg/gradle/api/internal/SettingsInternal;+5
j  org.gradle.initialization.NotifyingSettingsLoader.findAndLoadSettings(Lorg/gradle/api/internal/GradleInternal;)Lorg/gradle/api/internal/SettingsInternal;+5
j  org.gradle.initialization.DefaultGradleLauncher.doBuildStages(Lorg/gradle/initialization/DefaultGradleLauncher$Stage;)V+47
j  org.gradle.initialization.DefaultGradleLauncher.doBuild(Lorg/gradle/initialization/DefaultGradleLauncher$Stage;)Lorg/gradle/BuildResult;+17
j  org.gradle.initialization.DefaultGradleLauncher.run()Lorg/gradle/BuildResult;+4
j  org.gradle.launcher.exec.GradleBuildController.run()Lorg/gradle/api/internal/GradleInternal;+4
j  org.gradle.tooling.internal.provider.ExecuteBuildActionRunner.run(Lorg/gradle/internal/invocation/BuildAction;Lorg/gradle/internal/invocation/BuildController;)V+8
j  org.gradle.launcher.exec.ChainingBuildActionRunner.run(Lorg/gradle/internal/invocation/BuildAction;Lorg/gradle/internal/invocation/BuildController;)V+34
j  org.gradle.launcher.exec.InProcessBuildActionExecuter.execute(Lorg/gradle/internal/invocation/BuildAction;Lorg/gradle/initialization/BuildRequestContext;Lorg/gradle/launcher/exec/BuildActionParameters;Lorg/gradle/internal/service/ServiceRegistry;)Ljava/lang/Object;+64
j  org.gradle.launcher.exec.InProcessBuildActionExecuter.execute(Lorg/gradle/internal/invocation/BuildAction;Lorg/gradle/initialization/BuildRequestContext;Ljava/lang/Object;Lorg/gradle/internal/service/ServiceRegistry;)Ljava/lang/Object;+9
j  org.gradle.tooling.internal.provider.ContinuousBuildActionExecuter.execute(Lorg/gradle/internal/invocation/BuildAction;Lorg/gradle/initialization/BuildRequestContext;Lorg/gradle/launcher/exec/BuildActionParameters;Lorg/gradle/internal/service/ServiceRegistry;)Ljava/lang/Object;+28
j  org.gradle.tooling.internal.provider.ContinuousBuildActionExecuter.execute(Lorg/gradle/internal/invocation/BuildAction;Lorg/gradle/initialization/BuildRequestContext;Ljava/lang/Object;Lorg/gradle/internal/service/ServiceRegistry;)Ljava/lang/Object;+9
j  org.gradle.tooling.internal.provider.ServicesSetupBuildActionExecuter.execute(Lorg/gradle/internal/invocation/BuildAction;Lorg/gradle/initialization/BuildRequestContext;Lorg/gradle/launcher/exec/BuildActionParameters;Lorg/gradle/internal/service/ServiceRegistry;)Ljava/lang/Object;+85
j  org.gradle.tooling.internal.provider.ServicesSetupBuildActionExecuter.execute(Lorg/gradle/internal/invocation/BuildAction;Lorg/gradle/initialization/BuildRequestContext;Ljava/lang/Object;Lorg/gradle/internal/service/ServiceRegistry;)Ljava/lang/Object;+9
j  org.gradle.launcher.daemon.server.exec.ExecuteBuild.doBuild(Lorg/gradle/launcher/daemon/server/api/DaemonCommandExecution;Lorg/gradle/launcher/daemon/protocol/Build;)V+114
j  org.gradle.launcher.daemon.server.exec.BuildCommandOnly.execute(Lorg/gradle/launcher/daemon/server/api/DaemonCommandExecution;)V+49
j  org.gradle.launcher.daemon.server.api.DaemonCommandExecution.proceed()Z+28
j  org.gradle.launcher.daemon.server.exec.WatchForDisconnection.execute(Lorg/gradle/launcher/daemon/server/api/DaemonCommandExecution;)V+19
j  org.gradle.launcher.daemon.server.api.DaemonCommandExecution.proceed()Z+28
j  org.gradle.launcher.daemon.server.exec.ResetDeprecationLogger.execute(Lorg/gradle/launcher/daemon/server/api/DaemonCommandExecution;)V+4
j  org.gradle.launcher.daemon.server.api.DaemonCommandExecution.proceed()Z+28
j  org.gradle.launcher.daemon.server.exec.RequestStopIfSingleUsedDaemon.execute(Lorg/gradle/launcher/daemon/server/api/DaemonCommandExecution;)V+33
j  org.gradle.launcher.daemon.server.api.DaemonCommandExecution.proceed()Z+28
j  org.gradle.launcher.daemon.server.exec.ForwardClientInput$2.call()Ljava/lang/Void;+4
j  org.gradle.launcher.daemon.server.exec.ForwardClientInput$2.call()Ljava/lang/Object;+1
j  org.gradle.util.Swapper.swap(Ljava/lang/Object;Ljava/util/concurrent/Callable;)Ljava/lang/Object;+21
j  org.gradle.launcher.daemon.server.exec.ForwardClientInput.execute(Lorg/gradle/launcher/daemon/server/api/DaemonCommandExecution;)V+63
...<more frames>...

Java frames: (J=compiled Java code, j=interpreted, Vv=VM code)
J 484  java.lang.ClassLoader.defineClass1(Ljava/lang/String;[BIILjava/security/ProtectionDomain;Ljava/lang/String;)Ljava/lang/Class; (0 bytes) @ 0x00007f939d238cd1 [0x00007f939d238c40+0x91]
J 401 C1 java.lang.ClassLoader.defineClass(Ljava/lang/String;[BIILjava/security/ProtectionDomain;)Ljava/lang/Class; (43 bytes) @ 0x00007f939d201f06 [0x00007f939d201940+0x5c6]
J 356 C1 java.net.URLClassLoader.defineClass(Ljava/lang/String;Lsun/misc/Resource;)Ljava/lang/Class; (142 bytes) @ 0x00007f939d1cc6a8 [0x00007f939d1cabc0+0x1ae8]
J 289 C1 java.net.URLClassLoader$1.run()Ljava/lang/Class; (63 bytes) @ 0x00007f939d19f541 [0x00007f939d19f2a0+0x2a1]
J 249 C1 java.net.URLClassLoader$1.run()Ljava/lang/Object; (5 bytes) @ 0x00007f939d18b489 [0x00007f939d18b400+0x89]
v  ~StubRoutines::call_stub
J 239  java.security.AccessController.doPrivileged(Ljava/security/PrivilegedExceptionAction;Ljava/security/AccessControlContext;)Ljava/lang/Object; (0 bytes) @ 0x00007f939d17fa63 [0x00007f939d17fa00+0x63]
J 248 C1 java.net.URLClassLoader.findClass(Ljava/lang/String;)Ljava/lang/Class; (47 bytes) @ 0x00007f939d18b943 [0x00007f939d18b7c0+0x183]
J 1024 C2 java.lang.ClassLoader.loadClass(Ljava/lang/String;Z)Ljava/lang/Class; (122 bytes) @ 0x00007f939d38ff70 [0x00007f939d38ef60+0x1010]
J 286 C1 java.lang.ClassLoader.loadClass(Ljava/lang/String;)Ljava/lang/Class; (7 bytes) @ 0x00007f939d19e1c2 [0x00007f939d19e0c0+0x102]
j  org.codehaus.groovy.reflection.GeneratedMetaMethod$DgmMethodRecord.loadDgmInfo()Ljava/util/List;+112
j  org.codehaus.groovy.runtime.metaclass.MetaClassRegistryImpl.registerMethods(Ljava/lang/Class;ZZLjava/util/Map;)V+4
j  org.codehaus.groovy.runtime.metaclass.MetaClassRegistryImpl.<init>(IZ)V+106
j  org.codehaus.groovy.runtime.metaclass.MetaClassRegistryImpl.<init>()V+3
j  groovy.lang.GroovySystem.<clinit>()V+8
v  ~StubRoutines::call_stub
j  org.codehaus.groovy.runtime.InvokerHelper.<clinit>()V+34
v  ~StubRoutines::call_stub
j  groovy.lang.GroovyObjectSupport.<init>()V+9
j  org.gradle.api.internal.plugins.DefaultExtraPropertiesExtension.<init>()V+1
j  org.gradle.api.internal.plugins.DefaultConvention.<init>(Lorg/gradle/internal/reflect/Instantiator;)V+44
j  org.gradle.api.internal.ExtensibleDynamicObject.<init>(Ljava/lang/Object;Lorg/gradle/internal/metaobject/AbstractDynamicObject;Lorg/gradle/internal/reflect/Instantiator;)V+8
j  org.gradle.api.internal.AsmBackedClassGenerator$MixInExtensibleDynamicObject.<init>(Ljava/lang/Object;Ljava/lang/Class;Lorg/gradle/internal/metaobject/DynamicObject;)V+11
j  org.gradle.initialization.DefaultSettings_Decorated.getAsDynamicObject()Lorg/gradle/internal/metaobject/DynamicObject;+22
j  org.gradle.initialization.SettingsFactory.createSettings(Lorg/gradle/api/internal/GradleInternal;Ljava/io/File;Lorg/gradle/groovy/scripts/ScriptSource;Ljava/util/Map;Lorg/gradle/StartParameter;Lorg/gradle/api/internal/initialization/ClassLoaderScope;)Lorg/gradle/api/internal/SettingsInternal;+69
j  org.gradle.initialization.ScriptEvaluatingSettingsProcessor.process(Lorg/gradle/api/internal/GradleInternal;Lorg/gradle/initialization/SettingsLocation;Lorg/gradle/api/internal/initialization/ClassLoaderScope;Lorg/gradle/StartParameter;)Lorg/gradle/api/internal/SettingsInternal;+37
j  org.gradle.initialization.PropertiesLoadingSettingsProcessor.process(Lorg/gradle/api/internal/GradleInternal;Lorg/gradle/initialization/SettingsLocation;Lorg/gradle/api/internal/initialization/ClassLoaderScope;Lorg/gradle/StartParameter;)Lorg/gradle/api/internal/SettingsInternal;+22
j  org.gradle.initialization.NotifyingSettingsProcessor$1.transform(Lorg/gradle/internal/operations/BuildOperationContext;)Lorg/gradle/api/internal/SettingsInternal;+23
j  org.gradle.initialization.NotifyingSettingsProcessor$1.transform(Ljava/lang/Object;)Ljava/lang/Object;+5
j  org.gradle.internal.progress.DefaultBuildOperationExecutor.run(Lorg/gradle/internal/progress/BuildOperationDetails;Lorg/gradle/api/Transformer;)Ljava/lang/Object;+276
j  org.gradle.initialization.NotifyingSettingsProcessor.process(Lorg/gradle/api/internal/GradleInternal;Lorg/gradle/initialization/SettingsLocation;Lorg/gradle/api/internal/initialization/ClassLoaderScope;Lorg/gradle/StartParameter;)Lorg/gradle/api/internal/SettingsInternal;+34
j  org.gradle.initialization.DefaultSettingsLoader.findSettingsAndLoadIfAppropriate(Lorg/gradle/api/internal/GradleInternal;Lorg/gradle/StartParameter;)Lorg/gradle/api/internal/SettingsInternal;+50
j  org.gradle.initialization.DefaultSettingsLoader.findAndLoadSettings(Lorg/gradle/api/internal/GradleInternal;)Lorg/gradle/api/internal/SettingsInternal;+10
j  org.gradle.internal.composite.CompositeBuildSettingsLoader.findAndLoadSettings(Lorg/gradle/api/internal/GradleInternal;)Lorg/gradle/api/internal/SettingsInternal;+5
j  org.gradle.initialization.NotifyingSettingsLoader.findAndLoadSettings(Lorg/gradle/api/internal/GradleInternal;)Lorg/gradle/api/internal/SettingsInternal;+5
j  org.gradle.initialization.DefaultGradleLauncher.doBuildStages(Lorg/gradle/initialization/DefaultGradleLauncher$Stage;)V+47
j  org.gradle.initialization.DefaultGradleLauncher.doBuild(Lorg/gradle/initialization/DefaultGradleLauncher$Stage;)Lorg/gradle/BuildResult;+17
j  org.gradle.initialization.DefaultGradleLauncher.run()Lorg/gradle/BuildResult;+4
j  org.gradle.launcher.exec.GradleBuildController.run()Lorg/gradle/api/internal/GradleInternal;+4
j  org.gradle.tooling.internal.provider.ExecuteBuildActionRunner.run(Lorg/gradle/internal/invocation/BuildAction;Lorg/gradle/internal/invocation/BuildController;)V+8
j  org.gradle.launcher.exec.ChainingBuildActionRunner.run(Lorg/gradle/internal/invocation/BuildAction;Lorg/gradle/internal/invocation/BuildController;)V+34
j  org.gradle.launcher.exec.InProcessBuildActionExecuter.execute(Lorg/gradle/internal/invocation/BuildAction;Lorg/gradle/initialization/BuildRequestContext;Lorg/gradle/launcher/exec/BuildActionParameters;Lorg/gradle/internal/service/ServiceRegistry;)Ljava/lang/Object;+64
j  org.gradle.launcher.exec.InProcessBuildActionExecuter.execute(Lorg/gradle/internal/invocation/BuildAction;Lorg/gradle/initialization/BuildRequestContext;Ljava/lang/Object;Lorg/gradle/internal/service/ServiceRegistry;)Ljava/lang/Object;+9
j  org.gradle.tooling.internal.provider.ContinuousBuildActionExecuter.execute(Lorg/gradle/internal/invocation/BuildAction;Lorg/gradle/initialization/BuildRequestContext;Lorg/gradle/launcher/exec/BuildActionParameters;Lorg/gradle/internal/service/ServiceRegistry;)Ljava/lang/Object;+28
j  org.gradle.tooling.internal.provider.ContinuousBuildActionExecuter.execute(Lorg/gradle/internal/invocation/BuildAction;Lorg/gradle/initialization/BuildRequestContext;Ljava/lang/Object;Lorg/gradle/internal/service/ServiceRegistry;)Ljava/lang/Object;+9
j  org.gradle.tooling.internal.provider.ServicesSetupBuildActionExecuter.execute(Lorg/gradle/internal/invocation/BuildAction;Lorg/gradle/initialization/BuildRequestContext;Lorg/gradle/launcher/exec/BuildActionParameters;Lorg/gradle/internal/service/ServiceRegistry;)Ljava/lang/Object;+85
j  org.gradle.tooling.internal.provider.ServicesSetupBuildActionExecuter.execute(Lorg/gradle/internal/invocation/BuildAction;Lorg/gradle/initialization/BuildRequestContext;Ljava/lang/Object;Lorg/gradle/internal/service/ServiceRegistry;)Ljava/lang/Object;+9
j  org.gradle.launcher.daemon.server.exec.ExecuteBuild.doBuild(Lorg/gradle/launcher/daemon/server/api/DaemonCommandExecution;Lorg/gradle/launcher/daemon/protocol/Build;)V+114
j  org.gradle.launcher.daemon.server.exec.BuildCommandOnly.execute(Lorg/gradle/launcher/daemon/server/api/DaemonCommandExecution;)V+49
j  org.gradle.launcher.daemon.server.api.DaemonCommandExecution.proceed()Z+28
j  org.gradle.launcher.daemon.server.exec.WatchForDisconnection.execute(Lorg/gradle/launcher/daemon/server/api/DaemonCommandExecution;)V+19
j  org.gradle.launcher.daemon.server.api.DaemonCommandExecution.proceed()Z+28
j  org.gradle.launcher.daemon.server.exec.ResetDeprecationLogger.execute(Lorg/gradle/launcher/daemon/server/api/DaemonCommandExecution;)V+4
j  org.gradle.launcher.daemon.server.api.DaemonCommandExecution.proceed()Z+28
j  org.gradle.launcher.daemon.server.exec.RequestStopIfSingleUsedDaemon.execute(Lorg/gradle/launcher/daemon/server/api/DaemonCommandExecution;)V+33
j  org.gradle.launcher.daemon.server.api.DaemonCommandExecution.proceed()Z+28
j  org.gradle.launcher.daemon.server.exec.ForwardClientInput$2.call()Ljava/lang/Void;+4
j  org.gradle.launcher.daemon.server.exec.ForwardClientInput$2.call()Ljava/lang/Object;+1
j  org.gradle.util.Swapper.swap(Ljava/lang/Object;Ljava/util/concurrent/Callable;)Ljava/lang/Object;+21
j  org.gradle.launcher.daemon.server.exec.ForwardClientInput.execute(Lorg/gradle/launcher/daemon/server/api/DaemonCommandExecution;)V+63
j  org.gradle.launcher.daemon.server.api.DaemonCommandExecution.proceed()Z+28
j  org.gradle.launcher.daemon.server.exec.LogAndCheckHealth.execute(Lorg/gradle/launcher/daemon/server/api/DaemonCommandExecution;)V+28
j  org.gradle.launcher.daemon.server.api.DaemonCommandExecution.proceed()Z+28
j  org.gradle.launcher.daemon.server.exec.LogToClient.doBuild(Lorg/gradle/launcher/daemon/server/api/DaemonCommandExecution;Lorg/gradle/launcher/daemon/protocol/Build;)V+87
j  org.gradle.launcher.daemon.server.exec.BuildCommandOnly.execute(Lorg/gradle/launcher/daemon/server/api/DaemonCommandExecution;)V+49
j  org.gradle.launcher.daemon.server.api.DaemonCommandExecution.proceed()Z+28
j  org.gradle.launcher.daemon.server.exec.EstablishBuildEnvironment.doBuild(Lorg/gradle/launcher/daemon/server/api/DaemonCommandExecution;Lorg/gradle/launcher/daemon/protocol/Build;)V+279
j  org.gradle.launcher.daemon.server.exec.BuildCommandOnly.execute(Lorg/gradle/launcher/daemon/server/api/DaemonCommandExecution;)V+49
j  org.gradle.launcher.daemon.server.api.DaemonCommandExecution.proceed()Z+28
j  org.gradle.launcher.daemon.server.exec.StartBuildOrRespondWithBusy$1.run()V+44
j  org.gradle.launcher.daemon.server.DaemonStateCoordinator$1.run()V+4
j  org.gradle.internal.concurrent.ExecutorPolicy$CatchAndRecordFailures.onExecute(Ljava/lang/Runnable;)V+1
j  org.gradle.internal.concurrent.StoppableExecutorImpl$1.run()V+25
j  java.util.concurrent.ThreadPoolExecutor.runWorker(Ljava/util/concurrent/ThreadPoolExecutor$Worker;)V+95
j  java.util.concurrent.ThreadPoolExecutor$Worker.run()V+5
j  java.lang.Thread.run()V+11
v  ~StubRoutines::call_stub

---------------  P R O C E S S  ---------------

Java Threads: ( => current thread )
  0x00007f9398123800 JavaThread "File lock request listener" [_thread_in_native, id=4913, stack(0x00007f937fdfe000,0x00007f937feff000)]
  0x00007f9398116800 JavaThread "Cache worker for file hash cache (/home/vagrant/.gradle/caches/3.5/fileHashes)" [_thread_blocked, id=4906, stack(0x00007f937feff000,0x00007f9380000000)]
  0x00007f939802b800 JavaThread "Stdin handler" [_thread_blocked, id=4895, stack(0x00007f939c2e9000,0x00007f939c3ea000)]
  0x00007f939802f000 JavaThread "Asynchronous log dispatcher for DefaultDaemonConnection: socket connection from /0:0:0:0:0:0:0:1:44315 to /0:0:0:0:0:0:0:1:39044" [_thread_blocked, id=4894, stack(0x00007f939c3ea000,0x00007f939c4eb000)]
=>0x00007f9388007800 JavaThread "Daemon worker" [_thread_in_vm, id=4890, stack(0x00007f939c4eb000,0x00007f939c5ec000)]
  0x00007f9388004800 JavaThread "Cancel handler" [_thread_blocked, id=4888, stack(0x00007f939c5ec000,0x00007f939c6ed000)]
  0x00007f9388005800 JavaThread "Handler for socket connection from /0:0:0:0:0:0:0:1:44315 to /0:0:0:0:0:0:0:1:39044" [_thread_in_native, id=4885, stack(0x00007f939c6ed000,0x00007f939c7ee000)]
  0x00007f93802f9800 JavaThread "Daemon" [_thread_blocked, id=4884, stack(0x00007f939c7ee000,0x00007f939c8ef000)]
  0x00007f93accaf000 JavaThread "Daemon periodic checks" [_thread_blocked, id=4881, stack(0x00007f939c8ef000,0x00007f939c9f0000)]
  0x00007f93acc77800 JavaThread "Incoming local TCP Connector on port 44315" [_thread_in_native, id=4880, stack(0x00007f939c9f0000,0x00007f939caf1000)]
  0x00007f93acc25000 JavaThread "Daemon health stats" [_thread_blocked, id=4879, stack(0x00007f939ccf1000,0x00007f939cdf2000)]
  0x00007f93ac0b4800 JavaThread "Service Thread" daemon [_thread_blocked, id=4849, stack(0x00007f93b1293000,0x00007f93b1394000)]
  0x00007f93ac0b1800 JavaThread "C1 CompilerThread1" daemon [_thread_in_vm, id=4848, stack(0x00007f93b1394000,0x00007f93b1495000)]
  0x00007f93ac0af800 JavaThread "C2 CompilerThread0" daemon [_thread_in_native, id=4847, stack(0x00007f93b1495000,0x00007f93b1596000)]
  0x00007f93ac0ae000 JavaThread "Signal Dispatcher" daemon [_thread_blocked, id=4846, stack(0x00007f93b1596000,0x00007f93b1697000)]
  0x00007f93ac07a800 JavaThread "Finalizer" daemon [_thread_blocked, id=4845, stack(0x00007f93b1820000,0x00007f93b1921000)]
  0x00007f93ac076000 JavaThread "Reference Handler" daemon [_thread_blocked, id=4844, stack(0x00007f93b1921000,0x00007f93b1a22000)]
  0x00007f93ac00a000 JavaThread "main" [_thread_blocked, id=4840, stack(0x00007f93b5b2d000,0x00007f93b5c2e000)]

Other Threads:
  0x00007f93ac06e800 VMThread [stack: 0x00007f93b1a22000,0x00007f93b1b23000] [id=4843]
  0x00007f93ac0b8000 WatcherThread [stack: 0x00007f93b1192000,0x00007f93b1293000] [id=4850]

VM state:not at safepoint (normal execution)

VM Mutex/Monitor currently owned by a thread: None

Heap:
 def new generation   total 7424K, used 919K [0x00000000c0000000, 0x00000000c0800000, 0x00000000d5550000)
  eden space 6656K,   2% used [0x00000000c0000000, 0x00000000c0025cf8, 0x00000000c0680000)
  from space 768K,  99% used [0x00000000c0740000, 0x00000000c07ffff8, 0x00000000c0800000)
  to   space 768K,   0% used [0x00000000c0680000, 0x00000000c0680000, 0x00000000c0740000)
 tenured generation   total 16384K, used 6962K [0x00000000d5550000, 0x00000000d6550000, 0x0000000100000000)
   the space 16384K,  42% used [0x00000000d5550000, 0x00000000d5c1ca30, 0x00000000d5c1cc00, 0x00000000d6550000)
 Metaspace       used 15825K, capacity 16116K, committed 16256K, reserved 1062912K
  class space    used 2254K, capacity 2342K, committed 2432K, reserved 1048576K

Card table byte_map: [0x00007f93b26c8000,0x00007f93b28c9000] byte_map_base: 0x00007f93b20c8000

Polling page: 0x00007f93b5c39000

CodeCache: size=245760Kb used=4256Kb max_used=4256Kb free=241503Kb
 bounds [0x00007f939d000000, 0x00007f939d430000, 0x00007f93ac000000]
 total_blobs=1592 nmethods=1231 adapters=275
 compilation: enabled

Compilation events (10 events):
Event: 8.895 Thread 0x00007f93ac0b1800 1236       3       org.objectweb.asm.Type::getInternalName (20 bytes)
Event: 8.906 Thread 0x00007f93ac0b1800 nmethod 1236 0x00007f939d41cc50 code [0x00007f939d41cdc0, 0x00007f939d41cfa0]
Event: 8.906 Thread 0x00007f93ac0b1800 1237       1       org.gradle.api.internal.AbstractClassGenerator$PropertyMetaData::getName (5 bytes)
Event: 8.906 Thread 0x00007f93ac0b1800 nmethod 1237 0x00007f939d1081d0 code [0x00007f939d108320, 0x00007f939d108430]
Event: 9.267 Thread 0x00007f93ac0b1800 1238       3       java.util.concurrent.locks.ReentrantLock$Sync::nonfairTryAcquire (67 bytes)
Event: 9.270 Thread 0x00007f93ac0b1800 nmethod 1238 0x00007f939d109250 code [0x00007f939d109400, 0x00007f939d109b20]
Event: 9.283 Thread 0x00007f93ac0b1800 1239       3       java.lang.Throwable::<init> (39 bytes)
Event: 9.283 Thread 0x00007f93ac0b1800 nmethod 1239 0x00007f939d128490 code [0x00007f939d128600, 0x00007f939d128900]
Event: 9.447 Thread 0x00007f93ac0b1800 1240       1       java.net.URLConnection::getUseCaches (5 bytes)
Event: 9.447 Thread 0x00007f93ac0b1800 nmethod 1240 0x00007f939d11c750 code [0x00007f939d11c8a0, 0x00007f939d11c9b0]

GC Heap History (10 events):
Event: 6.133 GC heap before
{Heap before GC invocations=8 (full 0):
 def new generation   total 7424K, used 7423K [0x00000000c0000000, 0x00000000c0800000, 0x00000000d5550000)
  eden space 6656K, 100% used [0x00000000c0000000, 0x00000000c0680000, 0x00000000c0680000)
  from space 768K,  99% used [0x00000000c0680000, 0x00000000c073fff0, 0x00000000c0740000)
  to   space 768K,   0% used [0x00000000c0740000, 0x00000000c0740000, 0x00000000c0800000)
 tenured generation   total 16384K, used 4819K [0x00000000d5550000, 0x00000000d6550000, 0x0000000100000000)
   the space 16384K,  29% used [0x00000000d5550000, 0x00000000d5a04c30, 0x00000000d5a04e00, 0x00000000d6550000)
 Metaspace       used 12299K, capacity 12654K, committed 12928K, reserved 1060864K
  class space    used 1724K, capacity 1829K, committed 1920K, reserved 1048576K
Event: 6.144 GC heap after
Heap after GC invocations=9 (full 0):
 def new generation   total 7424K, used 666K [0x00000000c0000000, 0x00000000c0800000, 0x00000000d5550000)
  eden space 6656K,   0% used [0x00000000c0000000, 0x00000000c0000000, 0x00000000c0680000)
  from space 768K,  86% used [0x00000000c0740000, 0x00000000c07e6830, 0x00000000c0800000)
  to   space 768K,   0% used [0x00000000c0680000, 0x00000000c0680000, 0x00000000c0740000)
 tenured generation   total 16384K, used 5227K [0x00000000d5550000, 0x00000000d6550000, 0x0000000100000000)
   the space 16384K,  31% used [0x00000000d5550000, 0x00000000d5a6adf8, 0x00000000d5a6ae00, 0x00000000d6550000)
 Metaspace       used 12299K, capacity 12654K, committed 12928K, reserved 1060864K
  class space    used 1724K, capacity 1829K, committed 1920K, reserved 1048576K
}
Event: 6.747 GC heap before
{Heap before GC invocations=9 (full 0):
 def new generation   total 7424K, used 7322K [0x00000000c0000000, 0x00000000c0800000, 0x00000000d5550000)
  eden space 6656K, 100% used [0x00000000c0000000, 0x00000000c0680000, 0x00000000c0680000)
  from space 768K,  86% used [0x00000000c0740000, 0x00000000c07e6830, 0x00000000c0800000)
  to   space 768K,   0% used [0x00000000c0680000, 0x00000000c0680000, 0x00000000c0740000)
 tenured generation   total 16384K, used 5227K [0x00000000d5550000, 0x00000000d6550000, 0x0000000100000000)
   the space 16384K,  31% used [0x00000000d5550000, 0x00000000d5a6adf8, 0x00000000d5a6ae00, 0x00000000d6550000)
 Metaspace       used 13022K, capacity 13390K, committed 13568K, reserved 1060864K
  class space    used 1848K, capacity 1989K, committed 2048K, reserved 1048576K
Event: 6.767 GC heap after
Heap after GC invocations=10 (full 0):
 def new generation   total 7424K, used 768K [0x00000000c0000000, 0x00000000c0800000, 0x00000000d5550000)
  eden space 6656K,   0% used [0x00000000c0000000, 0x00000000c0000000, 0x00000000c0680000)
  from space 768K, 100% used [0x00000000c0680000, 0x00000000c0740000, 0x00000000c0740000)
  to   space 768K,   0% used [0x00000000c0740000, 0x00000000c0740000, 0x00000000c0800000)
 tenured generation   total 16384K, used 5413K [0x00000000d5550000, 0x00000000d6550000, 0x0000000100000000)
   the space 16384K,  33% used [0x00000000d5550000, 0x00000000d5a997e8, 0x00000000d5a99800, 0x00000000d6550000)
 Metaspace       used 13022K, capacity 13390K, committed 13568K, reserved 1060864K
  class space    used 1848K, capacity 1989K, committed 2048K, reserved 1048576K
}
Event: 7.671 GC heap before
{Heap before GC invocations=10 (full 0):
 def new generation   total 7424K, used 7424K [0x00000000c0000000, 0x00000000c0800000, 0x00000000d5550000)
  eden space 6656K, 100% used [0x00000000c0000000, 0x00000000c0680000, 0x00000000c0680000)
  from space 768K, 100% used [0x00000000c0680000, 0x00000000c0740000, 0x00000000c0740000)
  to   space 768K,   0% used [0x00000000c0740000, 0x00000000c0740000, 0x00000000c0800000)
 tenured generation   total 16384K, used 5413K [0x00000000d5550000, 0x00000000d6550000, 0x0000000100000000)
   the space 16384K,  33% used [0x00000000d5550000, 0x00000000d5a997e8, 0x00000000d5a99800, 0x00000000d6550000)
 Metaspace       used 13781K, capacity 14062K, committed 14208K, reserved 1060864K
  class space    used 1964K, capacity 2085K, committed 2176K, reserved 1048576K
Event: 7.675 GC heap after
Heap after GC invocations=11 (full 0):
 def new generation   total 7424K, used 768K [0x00000000c0000000, 0x00000000c0800000, 0x00000000d5550000)
  eden space 6656K,   0% used [0x00000000c0000000, 0x00000000c0000000, 0x00000000c0680000)
  from space 768K, 100% used [0x00000000c0740000, 0x00000000c0800000, 0x00000000c0800000)
  to   space 768K,   0% used [0x00000000c0680000, 0x00000000c0680000, 0x00000000c0740000)
 tenured generation   total 16384K, used 5972K [0x00000000d5550000, 0x00000000d6550000, 0x0000000100000000)
   the space 16384K,  36% used [0x00000000d5550000, 0x00000000d5b251b0, 0x00000000d5b25200, 0x00000000d6550000)
 Metaspace       used 13781K, capacity 14062K, committed 14208K, reserved 1060864K
  class space    used 1964K, capacity 2085K, committed 2176K, reserved 1048576K
}
Event: 8.174 GC heap before
{Heap before GC invocations=11 (full 0):
 def new generation   total 7424K, used 7415K [0x00000000c0000000, 0x00000000c0800000, 0x00000000d5550000)
  eden space 6656K,  99% used [0x00000000c0000000, 0x00000000c067dcf0, 0x00000000c0680000)
  from space 768K, 100% used [0x00000000c0740000, 0x00000000c0800000, 0x00000000c0800000)
  to   space 768K,   0% used [0x00000000c0680000, 0x00000000c0680000, 0x00000000c0740000)
 tenured generation   total 16384K, used 5972K [0x00000000d5550000, 0x00000000d6550000, 0x0000000100000000)
   the space 16384K,  36% used [0x00000000d5550000, 0x00000000d5b251b0, 0x00000000d5b25200, 0x00000000d6550000)
 Metaspace       used 14770K, capacity 15022K, committed 15360K, reserved 1062912K
  class space    used 2112K, capacity 2213K, committed 2304K, reserved 1048576K
Event: 8.188 GC heap after
Heap after GC invocations=12 (full 0):
 def new generation   total 7424K, used 767K [0x00000000c0000000, 0x00000000c0800000, 0x00000000d5550000)
  eden space 6656K,   0% used [0x00000000c0000000, 0x00000000c0000000, 0x00000000c0680000)
  from space 768K,  99% used [0x00000000c0680000, 0x00000000c073fff0, 0x00000000c0740000)
  to   space 768K,   0% used [0x00000000c0740000, 0x00000000c0740000, 0x00000000c0800000)
 tenured generation   total 16384K, used 6613K [0x00000000d5550000, 0x00000000d6550000, 0x0000000100000000)
   the space 16384K,  40% used [0x00000000d5550000, 0x00000000d5bc57a0, 0x00000000d5bc5800, 0x00000000d6550000)
 Metaspace       used 14770K, capacity 15022K, committed 15360K, reserved 1062912K
  class space    used 2112K, capacity 2213K, committed 2304K, reserved 1048576K
}
Event: 9.457 GC heap before
{Heap before GC invocations=12 (full 0):
 def new generation   total 7424K, used 7423K [0x00000000c0000000, 0x00000000c0800000, 0x00000000d5550000)
  eden space 6656K, 100% used [0x00000000c0000000, 0x00000000c0680000, 0x00000000c0680000)
  from space 768K,  99% used [0x00000000c0680000, 0x00000000c073fff0, 0x00000000c0740000)
  to   space 768K,   0% used [0x00000000c0740000, 0x00000000c0740000, 0x00000000c0800000)
 tenured generation   total 16384K, used 6613K [0x00000000d5550000, 0x00000000d6550000, 0x0000000100000000)
   the space 16384K,  40% used [0x00000000d5550000, 0x00000000d5bc57a0, 0x00000000d5bc5800, 0x00000000d6550000)
 Metaspace       used 15791K, capacity 16116K, committed 16256K, reserved 1062912K
  class space    used 2252K, capacity 2342K, committed 2432K, reserved 1048576K
Event: 9.460 GC heap after
Heap after GC invocations=13 (full 0):
 def new generation   total 7424K, used 767K [0x00000000c0000000, 0x00000000c0800000, 0x00000000d5550000)
  eden space 6656K,   0% used [0x00000000c0000000, 0x00000000c0000000, 0x00000000c0680000)
  from space 768K,  99% used [0x00000000c0740000, 0x00000000c07ffff8, 0x00000000c0800000)
  to   space 768K,   0% used [0x00000000c0680000, 0x00000000c0680000, 0x00000000c0740000)
 tenured generation   total 16384K, used 6962K [0x00000000d5550000, 0x00000000d6550000, 0x0000000100000000)
   the space 16384K,  42% used [0x00000000d5550000, 0x00000000d5c1ca30, 0x00000000d5c1cc00, 0x00000000d6550000)
 Metaspace       used 15791K, capacity 16116K, committed 16256K, reserved 1062912K
  class space    used 2252K, capacity 2342K, committed 2432K, reserved 1048576K
}

Deoptimization events (10 events):
Event: 3.683 Thread 0x00007f93ac00a000 Uncommon trap: reason=unstable_if action=reinterpret pc=0x00007f939d2491e4 method=java.lang.ThreadLocal$ThreadLocalMap.getEntry(Ljava/lang/ThreadLocal;)Ljava/lang/ThreadLocal$ThreadLocalMap$Entry; @ 21
Event: 3.801 Thread 0x00007f93ac00a000 Uncommon trap: reason=unstable_if action=reinterpret pc=0x00007f939d26e6c0 method=java.io.File.getName()Ljava/lang/String; @ 16
Event: 3.988 Thread 0x00007f93ac00a000 Uncommon trap: reason=unstable_if action=reinterpret pc=0x00007f939d2956e8 method=java.util.HashMap.getNode(ILjava/lang/Object;)Ljava/util/HashMap$Node; @ 129
Event: 3.988 Thread 0x00007f93ac00a000 Uncommon trap: reason=class_check action=maybe_recompile pc=0x00007f939d27c930 method=java.util.HashMap.putVal(ILjava/lang/Object;Ljava/lang/Object;ZZ)Ljava/lang/Object; @ 203
Event: 3.988 Thread 0x00007f93ac00a000 Uncommon trap: reason=unstable_if action=reinterpret pc=0x00007f939d28cf64 method=java.util.HashMap.getNode(ILjava/lang/Object;)Ljava/util/HashMap$Node; @ 129
Event: 3.988 Thread 0x00007f93ac00a000 Uncommon trap: reason=class_check action=maybe_recompile pc=0x00007f939d27c930 method=java.util.HashMap.putVal(ILjava/lang/Object;Ljava/lang/Object;ZZ)Ljava/lang/Object; @ 203
Event: 5.203 Thread 0x00007f9388005800 Uncommon trap: reason=unstable_if action=reinterpret pc=0x00007f939d34d5d0 method=java.lang.ThreadLocal$ThreadLocalMap.getEntry(Ljava/lang/ThreadLocal;)Ljava/lang/ThreadLocal$ThreadLocalMap$Entry; @ 29
Event: 5.660 Thread 0x00007f9388007800 Uncommon trap: reason=class_check action=maybe_recompile pc=0x00007f939d27c930 method=java.util.HashMap.putVal(ILjava/lang/Object;Ljava/lang/Object;ZZ)Ljava/lang/Object; @ 203
Event: 5.660 Thread 0x00007f9388007800 Uncommon trap: reason=class_check action=maybe_recompile pc=0x00007f939d27c930 method=java.util.HashMap.putVal(ILjava/lang/Object;Ljava/lang/Object;ZZ)Ljava/lang/Object; @ 203
Event: 8.539 Thread 0x00007f9388007800 Uncommon trap: reason=unstable_if action=reinterpret pc=0x00007f939d253654 method=java.io.UnixFileSystem.resolve(Ljava/lang/String;Ljava/lang/String;)Ljava/lang/String; @ 57

Internal exceptions (10 events):
Event: 5.264 Thread 0x00007f9388005800 Exception <a 'java/lang/NoSuchMethodError': <clinit>> (0x00000000c0238ed8) thrown at [/HUDSON/workspace/8-2-build-linux-amd64/jdk8u131/8869/hotspot/src/share/vm/prims/jni.cpp, line 1613]
Event: 5.276 Thread 0x00007f9388005800 Exception <a 'java/lang/NoSuchMethodError': <clinit>> (0x00000000c0246158) thrown at [/HUDSON/workspace/8-2-build-linux-amd64/jdk8u131/8869/hotspot/src/share/vm/prims/jni.cpp, line 1613]
Event: 5.311 Thread 0x00007f9388005800 Exception <a 'java/lang/NoSuchMethodError': <clinit>> (0x00000000c0268c40) thrown at [/HUDSON/workspace/8-2-build-linux-amd64/jdk8u131/8869/hotspot/src/share/vm/prims/jni.cpp, line 1613]
Event: 5.602 Thread 0x00007f9388007800 Exception <a 'java/lang/NoSuchMethodError': <clinit>> (0x00000000c02e9b38) thrown at [/HUDSON/workspace/8-2-build-linux-amd64/jdk8u131/8869/hotspot/src/share/vm/prims/jni.cpp, line 1613]
Event: 5.634 Thread 0x00007f9388007800 Exception <a 'java/lang/NoSuchMethodError': <clinit>> (0x00000000c02f1dc0) thrown at [/HUDSON/workspace/8-2-build-linux-amd64/jdk8u131/8869/hotspot/src/share/vm/prims/jni.cpp, line 1613]
Event: 5.744 Thread 0x00007f9388007800 Exception <a 'java/lang/ArrayIndexOutOfBoundsException'> (0x00000000c05101f0) thrown at [/HUDSON/workspace/8-2-build-linux-amd64/jdk8u131/8869/hotspot/src/share/vm/runtime/sharedRuntime.cpp, line 605]
Event: 5.809 Thread 0x00007f9388007800 Exception <a 'java/lang/ArrayIndexOutOfBoundsException'> (0x00000000c05f88b0) thrown at [/HUDSON/workspace/8-2-build-linux-amd64/jdk8u131/8869/hotspot/src/share/vm/runtime/sharedRuntime.cpp, line 605]
Event: 5.811 Thread 0x00007f9388007800 Exception <a 'java/lang/ArrayIndexOutOfBoundsException'> (0x00000000c061fa88) thrown at [/HUDSON/workspace/8-2-build-linux-amd64/jdk8u131/8869/hotspot/src/share/vm/runtime/sharedRuntime.cpp, line 605]
Event: 5.811 Thread 0x00007f9388007800 Exception <a 'java/lang/ArrayIndexOutOfBoundsException'> (0x00000000c0621700) thrown at [/HUDSON/workspace/8-2-build-linux-amd64/jdk8u131/8869/hotspot/src/share/vm/runtime/sharedRuntime.cpp, line 605]
Event: 6.037 Thread 0x00007f9388007800 Exception <a 'java/lang/ArrayIndexOutOfBoundsException'> (0x00000000c049b9c8) thrown at [/HUDSON/workspace/8-2-build-linux-amd64/jdk8u131/8869/hotspot/src/share/vm/runtime/sharedRuntime.cpp, line 605]

Events (10 events):
Event: 9.449 loading class java/math/BigDecimal
Event: 9.450 loading class java/math/BigDecimal done
Event: 9.450 loading class groovy/lang/IntRange
Event: 9.450 loading class groovy/lang/IntRange done
Event: 9.457 Executing VM operation: GenCollectForAllocation
Event: 9.460 Executing VM operation: GenCollectForAllocation done
Event: 9.505 loading class groovy/lang/Range
Event: 9.505 loading class groovy/lang/Range done
Event: 9.516 loading class groovy/lang/ObjectRange
Event: 9.516 loading class groovy/lang/ObjectRange done


Dynamic libraries:
00400000-00401000 r-xp 00000000 08:01 262228                             /usr/local/jdk1.8.0_131/bin/java
00600000-00601000 rw-p 00000000 08:01 262228                             /usr/local/jdk1.8.0_131/bin/java
013b3000-013d4000 rw-p 00000000 00:00 0                                  [heap]
c0000000-c0800000 rw-p 00000000 00:00 0 
c0800000-d5550000 ---p 00000000 00:00 0 
d5550000-d6550000 rw-p 00000000 00:00 0 
d6550000-100000000 ---p 00000000 00:00 0 
100000000-100260000 rw-p 00000000 00:00 0 
100260000-140000000 ---p 00000000 00:00 0 
7f937fbfe000-7f937fd7e000 rw-p 00000000 00:00 0 
7f937fdbe000-7f937fdfe000 ---p 00000000 00:00 0 
7f937fdfe000-7f937fe01000 ---p 00000000 00:00 0 
7f937fe01000-7f937feff000 rw-p 00000000 00:00 0                          [stack:4913]
7f937feff000-7f937ff02000 ---p 00000000 00:00 0 
7f937ff02000-7f9380000000 rw-p 00000000 00:00 0                          [stack:4906]
7f9380000000-7f9380331000 rw-p 00000000 00:00 0 
7f9380331000-7f9384000000 ---p 00000000 00:00 0 
7f9384000000-7f9384021000 rw-p 00000000 00:00 0 
7f9384021000-7f9388000000 ---p 00000000 00:00 0 
7f9388000000-7f9388021000 rw-p 00000000 00:00 0 
7f9388021000-7f938c000000 ---p 00000000 00:00 0 
7f938c000000-7f938cffa000 rw-p 00000000 00:00 0 
7f938cffa000-7f9390000000 ---p 00000000 00:00 0 
7f9390000000-7f9390021000 rw-p 00000000 00:00 0 
7f9390021000-7f9394000000 ---p 00000000 00:00 0 
7f9394000000-7f9394021000 rw-p 00000000 00:00 0 
7f9394021000-7f9398000000 ---p 00000000 00:00 0 
7f9398000000-7f9398553000 rw-p 00000000 00:00 0 
7f9398553000-7f939c000000 ---p 00000000 00:00 0 
7f939c06f000-7f939c0e9000 r--s 010f6000 08:01 262335                     /usr/local/jdk1.8.0_131/lib/tools.jar
7f939c0e9000-7f939c2e9000 rw-p 00000000 00:00 0 
7f939c2e9000-7f939c2ec000 ---p 00000000 00:00 0 
7f939c2ec000-7f939c3ea000 rw-p 00000000 00:00 0                          [stack:4895]
7f939c3ea000-7f939c3ed000 ---p 00000000 00:00 0 
7f939c3ed000-7f939c4eb000 rw-p 00000000 00:00 0                          [stack:4894]
7f939c4eb000-7f939c4ee000 ---p 00000000 00:00 0 
7f939c4ee000-7f939c5ec000 rw-p 00000000 00:00 0                          [stack:4890]
7f939c5ec000-7f939c5ef000 ---p 00000000 00:00 0 
7f939c5ef000-7f939c6ed000 rw-p 00000000 00:00 0                          [stack:4888]
7f939c6ed000-7f939c6f0000 ---p 00000000 00:00 0 
7f939c6f0000-7f939c7ee000 rw-p 00000000 00:00 0                          [stack:4885]
7f939c7ee000-7f939c7f1000 ---p 00000000 00:00 0 
7f939c7f1000-7f939c8ef000 rw-p 00000000 00:00 0                          [stack:4884]
7f939c8ef000-7f939c8f2000 ---p 00000000 00:00 0 
7f939c8f2000-7f939c9f0000 rw-p 00000000 00:00 0                          [stack:4881]
7f939c9f0000-7f939c9f3000 ---p 00000000 00:00 0 
7f939c9f3000-7f939ccf1000 rw-p 00000000 00:00 0                          [stack:4880]
7f939ccf1000-7f939ccf4000 ---p 00000000 00:00 0 
7f939ccf4000-7f939cdf2000 rw-p 00000000 00:00 0                          [stack:4879]
7f939cdf2000-7f939cdfb000 r-xp 00000000 08:01 263991                     /usr/local/jdk1.8.0_131/jre/lib/amd64/libmanagement.so
7f939cdfb000-7f939cffa000 ---p 00009000 08:01 263991                     /usr/local/jdk1.8.0_131/jre/lib/amd64/libmanagement.so
7f939cffa000-7f939cffb000 rw-p 00008000 08:01 263991                     /usr/local/jdk1.8.0_131/jre/lib/amd64/libmanagement.so
7f939cffb000-7f939d000000 r--s 0009a000 08:01 263826                     /usr/local/jdk1.8.0_131/jre/lib/jsse.jar
7f939d000000-7f939d430000 rwxp 00000000 00:00 0 
7f939d430000-7f93ac000000 ---p 00000000 00:00 0 
7f93ac000000-7f93accc1000 rw-p 00000000 00:00 0 
7f93accc1000-7f93b0000000 ---p 00000000 00:00 0 
7f93b0002000-7f93b0004000 r--s 00008000 08:01 264139                     /usr/local/gradle-3.5/lib/plugins/gradle-tooling-api-builders-3.5.jar
7f93b0004000-7f93b0007000 r--s 00009000 08:01 264132                     /usr/local/gradle-3.5/lib/plugins/gradle-testing-native-3.5.jar
7f93b0007000-7f93b000d000 r--s 00033000 08:01 264209                     /usr/local/gradle-3.5/lib/plugins/snakeyaml-1.6.jar
7f93b000d000-7f93b000f000 r--s 00006000 08:01 264208                     /usr/local/gradle-3.5/lib/plugins/jcommander-1.12.jar
7f93b000f000-7f93b0014000 r--s 00040000 08:01 264207                     /usr/local/gradle-3.5/lib/plugins/bsh-2.0b4.jar
7f93b0014000-7f93b0016000 r--s 00009000 08:01 264213                     /usr/local/gradle-3.5/lib/plugins/hamcrest-core-1.3.jar
7f93b0016000-7f93b001f000 r--s 00089000 08:01 264164                     /usr/local/gradle-3.5/lib/plugins/testng-6.3.1.jar
7f93b001f000-7f93b0027000 r--s 00045000 08:01 264163                     /usr/local/gradle-3.5/lib/plugins/junit-4.12.jar
7f93b0027000-7f93b002d000 r--s 0002e000 08:01 264133                     /usr/local/gradle-3.5/lib/plugins/gradle-testing-jvm-3.5.jar
7f93b002d000-7f93b0031000 r--s 00016000 08:01 264131                     /usr/local/gradle-3.5/lib/plugins/gradle-testing-base-3.5.jar
7f93b0031000-7f93b0038000 r--s 00038000 08:01 264158                     /usr/local/gradle-3.5/lib/plugins/bcpg-jdk15on-1.51.jar
7f93b0038000-7f93b003a000 r--s 0000c000 08:01 264110                     /usr/local/gradle-3.5/lib/plugins/gradle-signing-3.5.jar
7f93b003a000-7f93b003c000 r--s 00007000 08:01 264109                     /usr/local/gradle-3.5/lib/plugins/gradle-scala-3.5.jar
7f93b003c000-7f93b003d000 r--s 00004000 08:01 264137                     /usr/local/gradle-3.5/lib/plugins/gradle-resources-sftp-3.5.jar
7f93b003d000-7f93b004d000 r--s 00088000 08:01 264176                     /usr/local/gradle-3.5/lib/plugins/joda-time-2.8.2.jar
7f93b004d000-7f93b005e000 r--s 0010d000 08:01 264175                     /usr/local/gradle-3.5/lib/plugins/jackson-databind-2.6.6.jar
7f93b005e000-7f93b0061000 r--s 00009000 08:01 264174                     /usr/local/gradle-3.5/lib/plugins/jackson-annotations-2.6.6.jar
7f93b0061000-7f93b0065000 r--s 0003c000 08:01 264173                     /usr/local/gradle-3.5/lib/plugins/jackson-core-2.6.6.jar
7f93b0065000-7f93b0073000 r--s 00087000 08:01 264172                     /usr/local/gradle-3.5/lib/plugins/aws-java-sdk-core-1.11.6.jar
7f93b0073000-7f93b007a000 r--s 00057000 08:01 264171                     /usr/local/gradle-3.5/lib/plugins/aws-java-sdk-kms-1.11.6.jar
7f93b007a000-7f93b0087000 r--s 0008e000 08:01 264170                     /usr/local/gradle-3.5/lib/plugins/aws-java-sdk-s3-1.11.6.jar
7f93b0087000-7f93b0089000 r--s 00004000 08:01 264138                     /usr/local/gradle-3.5/lib/plugins/gradle-resources-s3-3.5.jar
7f93b0089000-7f93b008b000 r--s 0000f000 08:01 264115                     /usr/local/gradle-3.5/lib/plugins/gradle-reporting-3.5.jar
7f93b008b000-7f93b008d000 r--s 00002000 08:01 264116                     /usr/local/gradle-3.5/lib/plugins/gradle-publish-3.5.jar
7f93b008d000-7f93b008f000 r--s 00009000 08:01 264145                     /usr/local/gradle-3.5/lib/plugins/commons-cli-1.2.jar
7f93b008f000-7f93b0095000 r--s 00035000 08:01 264101                     /usr/local/gradle-3.5/lib/plugins/gradle-plugins-3.5.jar
7f93b0095000-7f93b0097000 r--s 00009000 08:01 264134                     /usr/local/gradle-3.5/lib/plugins/gradle-plugin-development-3.5.jar
7f93b0097000-7f93b009d000 r--s 0002b000 08:01 264127                     /usr/local/gradle-3.5/lib/plugins/gradle-platform-play-3.5.jar
7f93b009d000-7f93b00ab000 r--s 00056000 08:01 264126                     /usr/local/gradle-3.5/lib/plugins/gradle-platform-native-3.5.jar
7f93b00ab000-7f93b00af000 r--s 0001b000 08:01 264121                     /usr/local/gradle-3.5/lib/plugins/gradle-platform-jvm-3.5.jar
7f93b00af000-7f93b00b6000 r--s 00028000 08:01 264120                     /usr/local/gradle-3.5/lib/plugins/gradle-platform-base-3.5.jar
7f93b00b6000-7f93b00de000 r--s 0021c000 08:01 264153                     /usr/local/gradle-3.5/lib/plugins/biz.aQute.bndlib-3.2.0.jar
7f93b00de000-7f93b00e0000 r--s 00003000 08:01 264105                     /usr/local/gradle-3.5/lib/plugins/gradle-osgi-3.5.jar
7f93b00e0000-7f93b00e3000 r--s 0000c000 08:01 264156                     /usr/local/gradle-3.5/lib/plugins/pmaven-groovy-0.8-20100325.jar
7f93b00e3000-7f93b00e4000 r--s 00004000 08:01 264155                     /usr/local/gradle-3.5/lib/plugins/pmaven-common-0.8-20100325.jar
7f93b00e4000-7f93b00e9000 r--s 00024000 08:01 264106                     /usr/local/gradle-3.5/lib/plugins/gradle-maven-3.5.jar
7f93b00e9000-7f93b00ec000 r--s 0000b000 08:01 264125                     /usr/local/gradle-3.5/lib/plugins/gradle-language-scala-3.5.jar
7f93b00ec000-7f93b00f2000 r--s 0001a000 08:01 264129                     /usr/local/gradle-3.5/lib/plugins/gradle-language-native-3.5.jar
7f93b00f2000-7f93b00f4000 r--s 00006000 08:01 264122                     /usr/local/gradle-3.5/lib/plugins/gradle-language-jvm-3.5.jar
7f93b00f4000-7f93b00fb000 r--s 0002f000 08:01 264123                     /usr/local/gradle-3.5/lib/plugins/gradle-language-java-3.5.jar
7f93b00fb000-7f93b00fd000 r--s 0000a000 08:01 264124                     /usr/local/gradle-3.5/lib/plugins/gradle-language-groovy-3.5.jar
7f93b00fd000-7f93b0100000 r--s 0001e000 08:01 264182                     /usr/local/gradle-3.5/lib/plugins/jsp-api-2.1-6.1.14.jar
7f93b0100000-7f93b0123000 r--s 00344000 08:01 264181                     /usr/local/gradle-3.5/lib/plugins/core-3.1.1.jar
7f93b0123000-7f93b0124000 r--s 00006000 08:01 264180                     /usr/local/gradle-3.5/lib/plugins/jetty-naming-6.1.26.jar
7f93b0124000-7f93b0125000 r--s 00002000 08:01 264152                     /usr/local/gradle-3.5/lib/plugins/geronimo-annotation_1.0_spec-1.0.jar
7f93b0125000-7f93b0127000 r--s 00002000 08:01 264151                     /usr/local/gradle-3.5/lib/plugins/jetty-annotations-6.1.26.jar
7f93b0127000-7f93b0138000 r--s 000ea000 08:01 264150                     /usr/local/gradle-3.5/lib/plugins/jsp-2.1-6.1.14.jar
7f93b0138000-7f93b013a000 r--s 0000d000 08:01 264149                     /usr/local/gradle-3.5/lib/plugins/jetty-plus-6.1.26.jar
7f93b013a000-7f93b013c000 r--s 0001f000 08:01 264148                     /usr/local/gradle-3.5/lib/plugins/servlet-api-2.5-20081211.jar
7f93b013c000-7f93b0140000 r--s 00028000 08:01 264147                     /usr/local/gradle-3.5/lib/plugins/jetty-util-6.1.26.jar
7f93b0140000-7f93b0147000 r--s 0007d000 08:01 264146                     /usr/local/gradle-3.5/lib/plugins/jetty-6.1.26.jar
7f93b0147000-7f93b0149000 r--s 0000a000 08:01 264103                     /usr/local/gradle-3.5/lib/plugins/gradle-jetty-3.5.jar
7f93b0149000-7f93b0150000 r--s 00035000 08:01 264161                     /usr/local/gradle-3.5/lib/plugins/simple-4.1.21.jar
7f93b0150000-7f93b015c000 r--s 00100000 08:01 264159                     /usr/local/gradle-3.5/lib/plugins/rhino-1.7R3.jar
7f93b015c000-7f93b0160000 r--s 00012000 08:01 264112                     /usr/local/gradle-3.5/lib/plugins/gradle-javascript-3.5.jar
7f93b0160000-7f93b0163000 r--s 00011000 08:01 264118                     /usr/local/gradle-3.5/lib/plugins/gradle-jacoco-3.5.jar
7f93b0163000-7f93b0166000 r--s 0000e000 08:01 264117                     /usr/local/gradle-3.5/lib/plugins/gradle-ivy-3.5.jar
7f93b0166000-7f93b0167000 r--s 00002000 08:01 264128                     /usr/local/gradle-3.5/lib/plugins/gradle-ide-play-3.5.jar
7f93b0167000-7f93b016a000 r--s 00013000 08:01 264130                     /usr/local/gradle-3.5/lib/plugins/gradle-ide-native-3.5.jar
7f93b016a000-7f93b0174000 r--s 00056000 08:01 264107                     /usr/local/gradle-3.5/lib/plugins/gradle-ide-3.5.jar
7f93b0174000-7f93b0176000 r--s 00007000 08:01 264111                     /usr/local/gradle-3.5/lib/plugins/gradle-ear-3.5.jar
7f93b0176000-7f93b0178000 r--s 00005000 08:01 264162                     /usr/local/gradle-3.5/lib/plugins/jatl-0.2.2.jar
7f93b0178000-7f93b017e000 r--s 00039000 08:01 264114                     /usr/local/gradle-3.5/lib/plugins/gradle-diagnostics-3.5.jar
7f93b017e000-7f93b0180000 r--s 00009000 08:01 264140                     /usr/local/gradle-3.5/lib/plugins/gradle-composite-builds-3.5.jar
7f93b0180000-7f93b0185000 r--s 00023000 08:01 264102                     /usr/local/gradle-3.5/lib/plugins/gradle-code-quality-3.5.jar
7f93b0185000-7f93b018a000 r--s 00022000 08:01 264119                     /usr/local/gradle-3.5/lib/plugins/gradle-build-init-3.5.jar
7f93b018a000-7f93b0190000 r--s 0008e000 08:01 264113                     /usr/local/gradle-3.5/lib/plugins/gradle-build-comparison-3.5.jar
7f93b0190000-7f93b0191000 r--s 00002000 08:01 264141                     /usr/local/gradle-3.5/lib/plugins/gradle-build-cache-http-3.5.jar
7f93b0191000-7f93b0193000 r--s 00008000 08:01 264104                     /usr/local/gradle-3.5/lib/plugins/gradle-antlr-3.5.jar
7f93b0193000-7f93b0194000 r--s 00005000 08:01 264108                     /usr/local/gradle-3.5/lib/plugins/gradle-announce-3.5.jar
7f93b0194000-7f93b019c000 r--s 00028000 08:01 264211                     /usr/local/gradle-3.5/lib/plugins/xml-apis-1.3.04.jar
7f93b019c000-7f93b01a2000 r--s 00033000 08:01 264157                     /usr/local/gradle-3.5/lib/plugins/commons-codec-1.6.jar
7f93b01a2000-7f93b01a9000 r--s 00049000 08:01 264210                     /usr/local/gradle-3.5/lib/plugins/httpcore-4.4.4.jar
7f93b01a9000-7f93b01ac000 r--s 0001c000 08:01 264168                     /usr/local/gradle-3.5/lib/plugins/nekohtml-1.9.14.jar
7f93b01ac000-7f93b01c4000 r--s 00115000 08:01 264167                     /usr/local/gradle-3.5/lib/plugins/xercesImpl-2.9.1.jar
7f93b01c4000-7f93b01ca000 r--s 0005b000 08:01 264166                     /usr/local/gradle-3.5/lib/plugins/jcifs-1.3.17.jar
7f93b01ca000-7f93b01d7000 r--s 000a4000 08:01 264165                     /usr/local/gradle-3.5/lib/plugins/httpclient-4.4.1.jar
7f93b01d7000-7f93b01da000 r--s 0000a000 08:01 264136                     /usr/local/gradle-3.5/lib/plugins/gradle-resources-http-3.5.jar
7f93b01da000-7f93b01de000 r--s 00017000 08:01 264135                     /usr/local/gradle-3.5/lib/plugins/gradle-plugin-use-3.5.jar
7f93b01de000-7f93b01df000 r--s 00000000 08:01 264045                     /usr/local/gradle-3.5/lib/gradle-runtime-api-info-3.5.jar
7f93b01df000-7f93b01e0000 r--s 00000000 08:01 264047                     /usr/local/gradle-3.5/lib/gradle-installation-beacon-3.5.jar
7f93b01e0000-7f93b01e2000 r--s 00006000 08:01 264206                     /usr/local/gradle-3.5/lib/plugins/aether-connector-wagon-1.13.1.jar
7f93b01e2000-7f93b01e6000 r--s 0001c000 08:01 264205                     /usr/local/gradle-3.5/lib/plugins/aether-util-1.13.1.jar
7f93b01e6000-7f93b01e7000 r--s 00003000 08:01 264204                     /usr/local/gradle-3.5/lib/plugins/aether-spi-1.13.1.jar
7f93b01e7000-7f93b01ea000 r--s 0001d000 08:01 264203                     /usr/local/gradle-3.5/lib/plugins/aether-impl-1.13.1.jar
7f93b01ea000-7f93b01ed000 r--s 00013000 08:01 264202                     /usr/local/gradle-3.5/lib/plugins/aether-api-1.13.1.jar
7f93b01ed000-7f93b01ee000 r--s 00007000 08:01 264201                     /usr/local/gradle-3.5/lib/plugins/wagon-http-shared4-2.4.jar
7f93b01ee000-7f93b01f0000 r--s 0000b000 08:01 264200                     /usr/local/gradle-3.5/lib/plugins/wagon-provider-api-2.4.jar
7f93b01f0000-7f93b01f1000 r--s 00002000 08:01 264199                     /usr/local/gradle-3.5/lib/plugins/wagon-http-2.4.jar
7f93b01f1000-7f93b01f2000 r--s 00002000 08:01 264198                     /usr/local/gradle-3.5/lib/plugins/wagon-file-2.4.jar
7f93b01f2000-7f93b01f4000 r--s 0000c000 08:01 264197                     /usr/local/gradle-3.5/lib/plugins/maven-aether-provider-3.0.4.jar
7f93b01f4000-7f93b01f6000 r--s 0000b000 08:01 264196                     /usr/local/gradle-3.5/lib/plugins/maven-plugin-api-3.0.4.jar
7f93b01f6000-7f93b01f8000 r--s 00006000 08:01 264195                     /usr/local/gradle-3.5/lib/plugins/maven-repository-metadata-3.0.4.jar
7f93b01f8000-7f93b01fa000 r--s 0000b000 08:01 264194                     /usr/local/gradle-3.5/lib/plugins/maven-artifact-3.0.4.jar
7f93b01fa000-7f93b01fc000 r--s 00026000 08:01 264193                     /usr/local/gradle-3.5/lib/plugins/maven-model-3.0.4.jar
7f93b01fc000-7f93b0200000 r--s 00021000 08:01 264192                     /usr/local/gradle-3.5/lib/plugins/maven-model-builder-3.0.4.jar
7f93b0200000-7f93b0206000 r--s 0003f000 08:01 264191                     /usr/local/gradle-3.5/lib/plugins/maven-compat-3.0.4.jar
7f93b0206000-7f93b0208000 r--s 00002000 08:01 264189                     /usr/local/gradle-3.5/lib/plugins/plexus-cipher-1.7.jar
7f93b0208000-7f93b020a000 r--s 0000a000 08:01 264188                     /usr/local/gradle-3.5/lib/plugins/plexus-classworlds-2.4.jar
7f93b020a000-7f93b0211000 r--s 0002e000 08:01 264187                     /usr/local/gradle-3.5/lib/plugins/plexus-container-default-1.5.5.jar
7f93b0211000-7f93b0213000 r--s 00000000 08:01 264212                     /usr/local/gradle-3.5/lib/plugins/plexus-component-annotations-1.5.5.jar
7f93b0213000-7f93b0215000 r--s 0000d000 08:01 264186                     /usr/local/gradle-3.5/lib/plugins/plexus-interpolation-1.14.jar
7f93b0215000-7f93b0219000 r--s 00033000 08:01 264185                     /usr/local/gradle-3.5/lib/plugins/plexus-utils-2.0.6.jar
7f93b0219000-7f93b021c000 r--s 00008000 08:01 264184                     /usr/local/gradle-3.5/lib/plugins/maven-settings-builder-3.0.4.jar
7f93b021c000-7f93b021e000 r--s 0000a000 08:01 264183                     /usr/local/gradle-3.5/lib/plugins/maven-settings-3.0.4.jar
7f93b021e000-7f93b0223000 r--s 00040000 08:01 264169                     /usr/local/gradle-3.5/lib/plugins/jsch-0.1.54.jar
7f93b0223000-7f93b0263000 r--s 00277000 08:01 264179                     /usr/local/gradle-3.5/lib/plugins/bcprov-jdk15on-1.51.jar
7f93b0263000-7f93b0267000 r--s 0001d000 08:01 264178                     /usr/local/gradle-3.5/lib/plugins/xbean-reflect-3.4.jar
7f93b0267000-7f93b0273000 r--s 0007d000 08:01 264154                     /usr/local/gradle-3.5/lib/plugins/maven-core-3.0.4.jar
7f93b0273000-7f93b0282000 r--s 000d9000 08:01 264177                     /usr/local/gradle-3.5/lib/plugins/ivy-2.2.0.jar
7f93b0282000-7f93b02a3000 r--s 00106000 08:01 264143                     /usr/local/gradle-3.5/lib/plugins/gradle-dependency-management-3.5.jar
7f93b02a3000-7f93b02b9000 r-xp 00000000 08:01 2972                       /lib/x86_64-linux-gnu/libgcc_s.so.1
7f93b02b9000-7f93b04b8000 ---p 00016000 08:01 2972                       /lib/x86_64-linux-gnu/libgcc_s.so.1
7f93b04b8000-7f93b04b9000 rw-p 00015000 08:01 2972                       /lib/x86_64-linux-gnu/libgcc_s.so.1
7f93b04b9000-7f93b059f000 r-xp 00000000 08:01 4591                       /usr/lib/x86_64-linux-gnu/libstdc++.so.6.0.19
7f93b059f000-7f93b079e000 ---p 000e6000 08:01 4591                       /usr/lib/x86_64-linux-gnu/libstdc++.so.6.0.19
7f93b079e000-7f93b07a6000 r--p 000e5000 08:01 4591                       /usr/lib/x86_64-linux-gnu/libstdc++.so.6.0.19
7f93b07a6000-7f93b07a8000 rw-p 000ed000 08:01 4591                       /usr/lib/x86_64-linux-gnu/libstdc++.so.6.0.19
7f93b07a8000-7f93b07bd000 rw-p 00000000 00:00 0 
7f93b07bd000-7f93b07be000 r--s 00006000 08:01 264190                     /usr/local/gradle-3.5/lib/plugins/plexus-sec-dispatcher-1.3.jar
7f93b07be000-7f93b07c3000 r--s 00034000 08:01 264160                     /usr/local/gradle-3.5/lib/plugins/gson-2.7.jar
7f93b07c3000-7f93b07c5000 r--s 00007000 08:01 264142                     /usr/local/gradle-3.5/lib/plugins/gradle-workers-3.5.jar
7f93b07c5000-7f93b07ca000 r-xp 00000000 08:01 264336                     /home/vagrant/.gradle/native/25/linux-amd64/libnative-platform.so
7f93b07ca000-7f93b09c9000 ---p 00005000 08:01 264336                     /home/vagrant/.gradle/native/25/linux-amd64/libnative-platform.so
7f93b09c9000-7f93b09ca000 rw-p 00004000 08:01 264336                     /home/vagrant/.gradle/native/25/linux-amd64/libnative-platform.so
7f93b09ca000-7f93b09db000 r-xp 00000000 08:01 263986                     /usr/local/jdk1.8.0_131/jre/lib/amd64/libnio.so
7f93b09db000-7f93b0bda000 ---p 00011000 08:01 263986                     /usr/local/jdk1.8.0_131/jre/lib/amd64/libnio.so
7f93b0bda000-7f93b0bdb000 rw-p 00010000 08:01 263986                     /usr/local/jdk1.8.0_131/jre/lib/amd64/libnio.so
7f93b0bdb000-7f93b0bf1000 r-xp 00000000 08:01 263983                     /usr/local/jdk1.8.0_131/jre/lib/amd64/libnet.so
7f93b0bf1000-7f93b0df1000 ---p 00016000 08:01 263983                     /usr/local/jdk1.8.0_131/jre/lib/amd64/libnet.so
7f93b0df1000-7f93b0df2000 rw-p 00016000 08:01 263983                     /usr/local/jdk1.8.0_131/jre/lib/amd64/libnet.so
7f93b0df2000-7f93b0df3000 r--s 00006000 08:01 264046                     /usr/local/gradle-3.5/lib/gradle-wrapper-3.5.jar
7f93b0df3000-7f93b0e01000 r--s 00043000 08:01 264053                     /usr/local/gradle-3.5/lib/gradle-tooling-api-3.5.jar
7f93b0e01000-7f93b0e03000 r--s 00002000 08:01 264074                     /usr/local/gradle-3.5/lib/gradle-open-api-3.5.jar
7f93b0e03000-7f93b0e09000 r--s 00032000 08:01 264076                     /usr/local/gradle-3.5/lib/jaxen-1.1.jar
7f93b0e09000-7f93b0e0e000 r--s 00048000 08:01 264075                     /usr/local/gradle-3.5/lib/dom4j-1.6.1.jar
7f93b0e0e000-7f93b0e19000 r--s 00059000 08:01 264052                     /usr/local/gradle-3.5/lib/gradle-ui-3.5.jar
7f93b0e19000-7f93b0e27000 r--s 000cb000 08:01 264043                     /usr/local/gradle-3.5/lib/kotlin-stdlib-1.1.0.jar
7f93b0e27000-7f93b0e5e000 r--s 00284000 08:01 264042                     /usr/local/gradle-3.5/lib/kotlin-reflect-1.1.0.jar
7f93b0e5e000-7f93b1023000 r--s 017fb000 08:01 264041                     /usr/local/gradle-3.5/lib/kotlin-compiler-embeddable-1.1.0.jar
7f93b1023000-7f93b1025000 r--s 00003000 08:01 264039                     /usr/local/gradle-3.5/lib/annotations-13.0.jar
7f93b1025000-7f93b102d000 r--s 00055000 08:01 264040                     /usr/local/gradle-3.5/lib/gradle-script-kotlin-0.8.0.jar
7f93b102d000-7f93b1030000 r--s 0000b000 08:01 264062                     /usr/local/gradle-3.5/lib/gradle-resources-3.5.jar
7f93b1030000-7f93b1032000 r--s 00005000 08:01 264051                     /usr/local/gradle-3.5/lib/gradle-cli-3.5.jar
7f93b1032000-7f93b1034000 r--s 00003000 08:01 264080                     /usr/local/gradle-3.5/lib/jcl-over-slf4j-1.7.10.jar
7f93b1034000-7f93b1035000 r--s 00005000 08:01 264079                     /usr/local/gradle-3.5/lib/log4j-over-slf4j-1.7.10.jar
7f93b1035000-7f93b1037000 r--s 00000000 08:01 264078                     /usr/local/gradle-3.5/lib/jul-to-slf4j-1.7.10.jar
7f93b1037000-7f93b103e000 r--s 00027000 08:01 264055                     /usr/local/gradle-3.5/lib/gradle-logging-3.5.jar
7f93b103e000-7f93b104d000 r--s 0007f000 08:01 264063                     /usr/local/gradle-3.5/lib/gradle-model-core-3.5.jar
7f93b104d000-7f93b104f000 r--s 00006000 08:01 264060                     /usr/local/gradle-3.5/lib/gradle-base-services-groovy-3.5.jar
7f93b104f000-7f93b1051000 r--s 00007000 08:01 264068                     /usr/local/gradle-3.5/lib/gradle-model-groovy-3.5.jar
7f93b1051000-7f93b1052000 r--s 00002000 08:01 264073                     /usr/local/gradle-3.5/lib/gradle-docs-3.5.jar
7f93b1052000-7f93b1053000 r--s 00000000 08:01 264071                     /usr/local/gradle-3.5/lib/jcip-annotations-1.0.jar
7f93b1053000-7f93b1060000 r--s 00083000 08:01 264069                     /usr/local/gradle-3.5/lib/commons-collections-3.2.2.jar
7f93b1060000-7f93b1061000 r--s 00000000 08:01 264067                     /usr/local/gradle-3.5/lib/javax.inject-1.jar
7f93b1061000-7f93b10d1000 r--s 00645000 08:01 264064                     /usr/local/gradle-3.5/lib/groovy-all-2.4.10.jar
7f93b10d1000-7f93b10d2000 r--s 00001000 08:01 264096                     /usr/local/gradle-3.5/lib/native-platform-linux-i386-ncurses6-0.14.jar
7f93b10d2000-7f93b10d3000 r--s 00001000 08:01 264095                     /usr/local/gradle-3.5/lib/native-platform-linux-i386-ncurses5-0.14.jar
7f93b10d3000-7f93b10d4000 r--s 00001000 08:01 264094                     /usr/local/gradle-3.5/lib/native-platform-linux-amd64-ncurses6-0.14.jar
7f93b10d4000-7f93b10d5000 r--s 00001000 08:01 264093                     /usr/local/gradle-3.5/lib/native-platform-linux-amd64-ncurses5-0.14.jar
7f93b10d5000-7f93b10d6000 r--s 0000b000 08:01 264092                     /usr/local/gradle-3.5/lib/native-platform-windows-i386-0.14.jar
7f93b10d6000-7f93b10d8000 r--s 0000b000 08:01 264091                     /usr/local/gradle-3.5/lib/native-platform-windows-amd64-0.14.jar
7f93b10d8000-7f93b10d9000 r--s 00003000 08:01 264090                     /usr/local/gradle-3.5/lib/native-platform-osx-i386-0.14.jar
7f93b10d9000-7f93b10db000 r--s 00002000 08:01 264089                     /usr/local/gradle-3.5/lib/native-platform-osx-amd64-0.14.jar
7f93b10db000-7f93b10dc000 r--s 00002000 08:01 264088                     /usr/local/gradle-3.5/lib/native-platform-linux-i386-0.14.jar
7f93b10dc000-7f93b10dd000 r--s 00002000 08:01 264087                     /usr/local/gradle-3.5/lib/native-platform-linux-amd64-0.14.jar
7f93b10dd000-7f93b10de000 r--s 00003000 08:01 264086                     /usr/local/gradle-3.5/lib/native-platform-freebsd-i386-libstdcpp-0.14.jar
7f93b10de000-7f93b10df000 r--s 00004000 08:01 264085                     /usr/local/gradle-3.5/lib/native-platform-freebsd-i386-libcpp-0.14.jar
7f93b10df000-7f93b10e0000 r--s 00004000 08:01 264084                     /usr/local/gradle-3.5/lib/native-platform-freebsd-amd64-libstdcpp-0.14.jar
7f93b10e0000-7f93b10e3000 r--s 00023000 08:01 264077                     /usr/local/gradle-3.5/lib/jansi-1.14.jar
7f93b10e3000-7f93b10e7000 r--s 00027000 08:01 264070                     /usr/local/gradle-3.5/lib/commons-io-2.2.jar
7f93b10e7000-7f93b10eb000 r--s 00012000 08:01 264072                     /usr/local/gradle-3.5/lib/native-platform-0.14.jar
7f93b10eb000-7f93b10ee000 r--s 0000c000 08:01 264054                     /usr/local/gradle-3.5/lib/gradle-native-3.5.jar
7f93b10ee000-7f93b10f0000 r--s 00007000 08:01 264099                     /usr/local/gradle-3.5/lib/objenesis-1.2.jar
7f93b10f0000-7f93b10f2000 r--s 00000000 08:01 264098                     /usr/local/gradle-3.5/lib/minlog-1.2.jar
7f93b10f2000-7f93b10f4000 r--s 0000f000 08:01 264097                     /usr/local/gradle-3.5/lib/reflectasm-1.07-shaded.jar
7f93b10f4000-7f93b10f9000 r--s 00038000 08:01 264065                     /usr/local/gradle-3.5/lib/asm-all-5.1.jar
7f93b10f9000-7f93b10fd000 r--s 00026000 08:01 264081                     /usr/local/gradle-3.5/lib/kryo-2.20.jar
7f93b10fd000-7f93b1104000 r--s 0002a000 08:01 264061                     /usr/local/gradle-3.5/lib/gradle-messaging-3.5.jar
7f93b1104000-7f93b1109000 r--s 00041000 08:01 264058                     /usr/local/gradle-3.5/lib/commons-lang-2.6.jar
7f93b1109000-7f93b1131000 r--s 001cf000 08:01 264057                     /usr/local/gradle-3.5/lib/guava-jdk5-17.0.jar
7f93b1131000-7f93b1150000 r--s 001d1000 08:01 264066                     /usr/local/gradle-3.5/lib/ant-1.9.6.jar
7f93b1150000-7f93b1192000 r--s 00220000 08:01 264050                     /usr/local/gradle-3.5/lib/gradle-core-3.5.jar
7f93b1192000-7f93b1193000 ---p 00000000 00:00 0 
7f93b1193000-7f93b1293000 rw-p 00000000 00:00 0                          [stack:4850]
7f93b1293000-7f93b1296000 ---p 00000000 00:00 0 
7f93b1296000-7f93b1394000 rw-p 00000000 00:00 0                          [stack:4849]
7f93b1394000-7f93b1397000 ---p 00000000 00:00 0 
7f93b1397000-7f93b1495000 rw-p 00000000 00:00 0                          [stack:4848]
7f93b1495000-7f93b1498000 ---p 00000000 00:00 0 
7f93b1498000-7f93b1596000 rw-p 00000000 00:00 0                          [stack:4847]
7f93b1596000-7f93b1599000 ---p 00000000 00:00 0 
7f93b1599000-7f93b1697000 rw-p 00000000 00:00 0                          [stack:4846]
7f93b1697000-7f93b1820000 r--p 00000000 08:01 4260                       /usr/lib/locale/locale-archive
7f93b1820000-7f93b1823000 ---p 00000000 00:00 0 
7f93b1823000-7f93b1921000 rw-p 00000000 00:00 0                          [stack:4845]
7f93b1921000-7f93b1924000 ---p 00000000 00:00 0 
7f93b1924000-7f93b1a22000 rw-p 00000000 00:00 0                          [stack:4844]
7f93b1a22000-7f93b1a23000 ---p 00000000 00:00 0 
7f93b1a23000-7f93b1b23000 rw-p 00000000 00:00 0                          [stack:4843]
7f93b1b23000-7f93b1cfc000 r--s 03d40000 08:01 263774                     /usr/local/jdk1.8.0_131/jre/lib/rt.jar
7f93b1cfc000-7f93b2572000 rw-p 00000000 00:00 0 
7f93b2572000-7f93b257b000 rw-p 00000000 00:00 0 
7f93b257b000-7f93b26c8000 ---p 00000000 00:00 0 
7f93b26c8000-7f93b26cc000 rw-p 00000000 00:00 0 
7f93b26cc000-7f93b2772000 ---p 00000000 00:00 0 
7f93b2772000-7f93b277b000 rw-p 00000000 00:00 0 
7f93b277b000-7f93b28c8000 ---p 00000000 00:00 0 
7f93b28c8000-7f93b28da000 rw-p 00000000 00:00 0 
7f93b28da000-7f93b2c89000 ---p 00000000 00:00 0 
7f93b2c89000-7f93b2ca3000 r-xp 00000000 08:01 263979                     /usr/local/jdk1.8.0_131/jre/lib/amd64/libzip.so
7f93b2ca3000-7f93b2ea3000 ---p 0001a000 08:01 263979                     /usr/local/jdk1.8.0_131/jre/lib/amd64/libzip.so
7f93b2ea3000-7f93b2ea4000 rw-p 0001a000 08:01 263979                     /usr/local/jdk1.8.0_131/jre/lib/amd64/libzip.so
7f93b2ea4000-7f93b2eae000 r-xp 00000000 08:01 2962                       /lib/x86_64-linux-gnu/libnss_files-2.19.so
7f93b2eae000-7f93b30ad000 ---p 0000a000 08:01 2962                       /lib/x86_64-linux-gnu/libnss_files-2.19.so
7f93b30ad000-7f93b30ae000 r--p 00009000 08:01 2962                       /lib/x86_64-linux-gnu/libnss_files-2.19.so
7f93b30ae000-7f93b30af000 rw-p 0000a000 08:01 2962                       /lib/x86_64-linux-gnu/libnss_files-2.19.so
7f93b30af000-7f93b30ba000 r-xp 00000000 08:01 3044                       /lib/x86_64-linux-gnu/libnss_nis-2.19.so
7f93b30ba000-7f93b32b9000 ---p 0000b000 08:01 3044                       /lib/x86_64-linux-gnu/libnss_nis-2.19.so
7f93b32b9000-7f93b32ba000 r--p 0000a000 08:01 3044                       /lib/x86_64-linux-gnu/libnss_nis-2.19.so
7f93b32ba000-7f93b32bb000 rw-p 0000b000 08:01 3044                       /lib/x86_64-linux-gnu/libnss_nis-2.19.so
7f93b32bb000-7f93b32d2000 r-xp 00000000 08:01 3152                       /lib/x86_64-linux-gnu/libnsl-2.19.so
7f93b32d2000-7f93b34d1000 ---p 00017000 08:01 3152                       /lib/x86_64-linux-gnu/libnsl-2.19.so
7f93b34d1000-7f93b34d2000 r--p 00016000 08:01 3152                       /lib/x86_64-linux-gnu/libnsl-2.19.so
7f93b34d2000-7f93b34d3000 rw-p 00017000 08:01 3152                       /lib/x86_64-linux-gnu/libnsl-2.19.so
7f93b34d3000-7f93b34d5000 rw-p 00000000 00:00 0 
7f93b34d5000-7f93b34de000 r-xp 00000000 08:01 2941                       /lib/x86_64-linux-gnu/libnss_compat-2.19.so
7f93b34de000-7f93b36dd000 ---p 00009000 08:01 2941                       /lib/x86_64-linux-gnu/libnss_compat-2.19.so
7f93b36dd000-7f93b36de000 r--p 00008000 08:01 2941                       /lib/x86_64-linux-gnu/libnss_compat-2.19.so
7f93b36de000-7f93b36df000 rw-p 00009000 08:01 2941                       /lib/x86_64-linux-gnu/libnss_compat-2.19.so
7f93b36df000-7f93b370a000 r-xp 00000000 08:01 263973                     /usr/local/jdk1.8.0_131/jre/lib/amd64/libjava.so
7f93b370a000-7f93b3909000 ---p 0002b000 08:01 263973                     /usr/local/jdk1.8.0_131/jre/lib/amd64/libjava.so
7f93b3909000-7f93b390b000 rw-p 0002a000 08:01 263973                     /usr/local/jdk1.8.0_131/jre/lib/amd64/libjava.so
7f93b390b000-7f93b3918000 r-xp 00000000 08:01 263978                     /usr/local/jdk1.8.0_131/jre/lib/amd64/libverify.so
7f93b3918000-7f93b3b17000 ---p 0000d000 08:01 263978                     /usr/local/jdk1.8.0_131/jre/lib/amd64/libverify.so
7f93b3b17000-7f93b3b19000 rw-p 0000c000 08:01 263978                     /usr/local/jdk1.8.0_131/jre/lib/amd64/libverify.so
7f93b3b19000-7f93b3b20000 r-xp 00000000 08:01 3142                       /lib/x86_64-linux-gnu/librt-2.19.so
7f93b3b20000-7f93b3d1f000 ---p 00007000 08:01 3142                       /lib/x86_64-linux-gnu/librt-2.19.so
7f93b3d1f000-7f93b3d20000 r--p 00006000 08:01 3142                       /lib/x86_64-linux-gnu/librt-2.19.so
7f93b3d20000-7f93b3d21000 rw-p 00007000 08:01 3142                       /lib/x86_64-linux-gnu/librt-2.19.so
7f93b3d21000-7f93b3e26000 r-xp 00000000 08:01 3022                       /lib/x86_64-linux-gnu/libm-2.19.so
7f93b3e26000-7f93b4025000 ---p 00105000 08:01 3022                       /lib/x86_64-linux-gnu/libm-2.19.so
7f93b4025000-7f93b4026000 r--p 00104000 08:01 3022                       /lib/x86_64-linux-gnu/libm-2.19.so
7f93b4026000-7f93b4027000 rw-p 00105000 08:01 3022                       /lib/x86_64-linux-gnu/libm-2.19.so
7f93b4027000-7f93b4cf6000 r-xp 00000000 08:01 263956                     /usr/local/jdk1.8.0_131/jre/lib/amd64/server/libjvm.so
7f93b4cf6000-7f93b4ef6000 ---p 00ccf000 08:01 263956                     /usr/local/jdk1.8.0_131/jre/lib/amd64/server/libjvm.so
7f93b4ef6000-7f93b4fcf000 rw-p 00ccf000 08:01 263956                     /usr/local/jdk1.8.0_131/jre/lib/amd64/server/libjvm.so
7f93b4fcf000-7f93b501a000 rw-p 00000000 00:00 0 
7f93b501a000-7f93b51d8000 r-xp 00000000 08:01 2939                       /lib/x86_64-linux-gnu/libc-2.19.so
7f93b51d8000-7f93b53d7000 ---p 001be000 08:01 2939                       /lib/x86_64-linux-gnu/libc-2.19.so
7f93b53d7000-7f93b53db000 r--p 001bd000 08:01 2939                       /lib/x86_64-linux-gnu/libc-2.19.so
7f93b53db000-7f93b53dd000 rw-p 001c1000 08:01 2939                       /lib/x86_64-linux-gnu/libc-2.19.so
7f93b53dd000-7f93b53e2000 rw-p 00000000 00:00 0 
7f93b53e2000-7f93b53e5000 r-xp 00000000 08:01 3037                       /lib/x86_64-linux-gnu/libdl-2.19.so
7f93b53e5000-7f93b55e4000 ---p 00003000 08:01 3037                       /lib/x86_64-linux-gnu/libdl-2.19.so
7f93b55e4000-7f93b55e5000 r--p 00002000 08:01 3037                       /lib/x86_64-linux-gnu/libdl-2.19.so
7f93b55e5000-7f93b55e6000 rw-p 00003000 08:01 3037                       /lib/x86_64-linux-gnu/libdl-2.19.so
7f93b55e6000-7f93b55fb000 r-xp 00000000 08:01 263589                     /usr/local/jdk1.8.0_131/lib/amd64/jli/libjli.so
7f93b55fb000-7f93b57fb000 ---p 00015000 08:01 263589                     /usr/local/jdk1.8.0_131/lib/amd64/jli/libjli.so
7f93b57fb000-7f93b57fc000 rw-p 00015000 08:01 263589                     /usr/local/jdk1.8.0_131/lib/amd64/jli/libjli.so
7f93b57fc000-7f93b5815000 r-xp 00000000 08:01 2989                       /lib/x86_64-linux-gnu/libpthread-2.19.so
7f93b5815000-7f93b5a14000 ---p 00019000 08:01 2989                       /lib/x86_64-linux-gnu/libpthread-2.19.so
7f93b5a14000-7f93b5a15000 r--p 00018000 08:01 2989                       /lib/x86_64-linux-gnu/libpthread-2.19.so
7f93b5a15000-7f93b5a16000 rw-p 00019000 08:01 2989                       /lib/x86_64-linux-gnu/libpthread-2.19.so
7f93b5a16000-7f93b5a1a000 rw-p 00000000 00:00 0 
7f93b5a1a000-7f93b5a3d000 r-xp 00000000 08:01 3013                       /lib/x86_64-linux-gnu/ld-2.19.so
7f93b5a3d000-7f93b5a3f000 r--s 00006000 08:01 264059                     /usr/local/gradle-3.5/lib/gradle-process-services-3.5.jar
7f93b5a3f000-7f93b5a48000 r--s 00047000 08:01 264048                     /usr/local/gradle-3.5/lib/gradle-base-services-3.5.jar
7f93b5a48000-7f93b5a53000 r--s 0005b000 08:01 264044                     /usr/local/gradle-3.5/lib/gradle-launcher-3.5.jar
7f93b5a53000-7f93b5b25000 rw-p 00000000 00:00 0 
7f93b5b25000-7f93b5b2d000 rw-s 00000000 08:01 265385                     /tmp/hsperfdata_vagrant/4838
7f93b5b2d000-7f93b5b30000 ---p 00000000 00:00 0 
7f93b5b30000-7f93b5c32000 rw-p 00000000 00:00 0                          [stack:4840]
7f93b5c32000-7f93b5c33000 r--s 00004000 08:01 264083                     /usr/local/gradle-3.5/lib/native-platform-freebsd-amd64-libcpp-0.14.jar
7f93b5c33000-7f93b5c35000 r--s 00000000 08:01 264049                     /usr/local/gradle-3.5/lib/gradle-jvm-services-3.5.jar
7f93b5c35000-7f93b5c36000 r--s 00000000 08:01 264214                     /usr/local/gradle-3.5/lib/gradle-version-info-3.5.jar
7f93b5c36000-7f93b5c37000 r--s 00007000 08:01 264056                     /usr/local/gradle-3.5/lib/slf4j-api-1.7.10.jar
7f93b5c37000-7f93b5c38000 r--s 00004000 08:01 264082                     /usr/local/gradle-3.5/lib/ant-launcher-1.9.6.jar
7f93b5c38000-7f93b5c39000 rw-p 00000000 00:00 0 
7f93b5c39000-7f93b5c3a000 r--p 00000000 00:00 0 
7f93b5c3a000-7f93b5c3c000 rw-p 00000000 00:00 0 
7f93b5c3c000-7f93b5c3d000 r--p 00022000 08:01 3013                       /lib/x86_64-linux-gnu/ld-2.19.so
7f93b5c3d000-7f93b5c3e000 rw-p 00023000 08:01 3013                       /lib/x86_64-linux-gnu/ld-2.19.so
7f93b5c3e000-7f93b5c3f000 rw-p 00000000 00:00 0 
7ffdd307d000-7ffdd309e000 rw-p 00000000 00:00 0                          [stack]
7ffdd3161000-7ffdd3163000 r-xp 00000000 00:00 0                          [vdso]
ffffffffff600000-ffffffffff601000 r-xp 00000000 00:00 0                  [vsyscall]

VM Arguments:
jvm_args: -XX:MaxPermSize=256m -XX:+HeapDumpOnOutOfMemoryError -Xmx1024m -Dfile.encoding=US-ASCII -Duser.country=US -Duser.language=en -Duser.variant 
java_command: org.gradle.launcher.daemon.bootstrap.GradleDaemon 3.5
java_class_path (initial): /usr/local/gradle-3.5/lib/gradle-launcher-3.5.jar
Launcher Type: SUN_STANDARD

Environment Variables:
JAVA_HOME=/usr/local/java
PATH=/usr/local/java/bin:/usr/local/sbin:/usr/local/bin:/usr/sbin:/usr/bin:/sbin:/bin:/usr/games:/usr/local/games:/usr/local/apache-maven/bin:/usr/local/gradle/bin
SHELL=/bin/bash

Signal Handlers:
SIGSEGV: [libjvm.so+0xac8af0], sa_mask[0]=11111111011111111101111111111110, sa_flags=SA_RESTART|SA_SIGINFO
SIGBUS: [libjvm.so+0xac8af0], sa_mask[0]=11111111011111111101111111111110, sa_flags=SA_RESTART|SA_SIGINFO
SIGFPE: [libjvm.so+0x921dd0], sa_mask[0]=11111111011111111101111111111110, sa_flags=SA_RESTART|SA_SIGINFO
SIGPIPE: [libjvm.so+0x921dd0], sa_mask[0]=11111111011111111101111111111110, sa_flags=SA_RESTART|SA_SIGINFO
SIGXFSZ: [libjvm.so+0x921dd0], sa_mask[0]=11111111011111111101111111111110, sa_flags=SA_RESTART|SA_SIGINFO
SIGILL: [libjvm.so+0x921dd0], sa_mask[0]=11111111011111111101111111111110, sa_flags=SA_RESTART|SA_SIGINFO
SIGUSR1: SIG_DFL, sa_mask[0]=00000000000000000000000000000000, sa_flags=none
SIGUSR2: [libjvm.so+0x923610], sa_mask[0]=00100000000000000000000000000000, sa_flags=SA_RESTART|SA_SIGINFO
SIGHUP: [libjvm.so+0x924a10], sa_mask[0]=11111111011111111101111111111110, sa_flags=SA_RESTART|SA_SIGINFO
SIGINT: [libjvm.so+0x924a10], sa_mask[0]=11111111011111111101111111111110, sa_flags=SA_RESTART|SA_SIGINFO
SIGTERM: [libjvm.so+0x924a10], sa_mask[0]=11111111011111111101111111111110, sa_flags=SA_RESTART|SA_SIGINFO
SIGQUIT: [libjvm.so+0x924a10], sa_mask[0]=11111111011111111101111111111110, sa_flags=SA_RESTART|SA_SIGINFO


---------------  S Y S T E M  ---------------

OS:DISTRIB_ID=Ubuntu
DISTRIB_RELEASE=14.04
DISTRIB_CODENAME=trusty
DISTRIB_DESCRIPTION="Ubuntu 14.04.5 LTS"

uname:Linux 3.13.0-117-generic #164-Ubuntu SMP Fri Apr 7 11:05:26 UTC 2017 x86_64
libc:glibc 2.19 NPTL 2.19 
rlimit: STACK 8192k, CORE 0k, NPROC 11905, NOFILE 4096, AS infinity
load average:1.75 0.42 0.33

/proc/meminfo:
MemTotal:        1533868 kB
MemFree:          111792 kB
Buffers:              64 kB
Cached:            14548 kB
SwapCached:            0 kB
Active:          1356292 kB
Inactive:          13932 kB
Active(anon):    1355732 kB
Inactive(anon):     1512 kB
Active(file):        560 kB
Inactive(file):    12420 kB
Unevictable:           0 kB
Mlocked:               0 kB
SwapTotal:             0 kB
SwapFree:              0 kB
Dirty:               128 kB
Writeback:             0 kB
AnonPages:       1355616 kB
Mapped:             5624 kB
Shmem:              1628 kB
Slab:              21104 kB
SReclaimable:       8608 kB
SUnreclaim:        12496 kB
KernelStack:        3128 kB
PageTables:        10284 kB
NFS_Unstable:          0 kB
Bounce:                0 kB
WritebackTmp:          0 kB
CommitLimit:      766932 kB
Committed_AS:    1330748 kB
VmallocTotal:   34359738367 kB
VmallocUsed:       26764 kB
VmallocChunk:   34359706104 kB
HardwareCorrupted:     0 kB
AnonHugePages:    542720 kB
HugePages_Total:       0
HugePages_Free:        0
HugePages_Rsvd:        0
HugePages_Surp:        0
Hugepagesize:       2048 kB
DirectMap4k:       36800 kB
DirectMap2M:     1536000 kB


CPU:total 1 (initial active 1) (1 cores per cpu, 1 threads per core) family 6 model 58 stepping 9, cmov, cx8, fxsr, mmx, sse, sse2, sse3, ssse3, sse4.1, sse4.2, popcnt, avx, aes, clmul, tsc, tscinvbit, tscinv

/proc/cpuinfo:
processor	: 0
vendor_id	: GenuineIntel
cpu family	: 6
model		: 58
model name	: Intel(R) Core(TM) i5-3317U CPU @ 1.70GHz
stepping	: 9
microcode	: 0x19
cpu MHz		: 1695.138
cache size	: 3072 KB
physical id	: 0
siblings	: 1
core id		: 0
cpu cores	: 1
apicid		: 0
initial apicid	: 0
fpu		: yes
fpu_exception	: yes
cpuid level	: 13
wp		: yes
flags		: fpu vme de pse tsc msr pae mce cx8 apic sep mtrr pge mca cmov pat pse36 clflush mmx fxsr sse sse2 syscall nx rdtscp lm constant_tsc rep_good nopl xtopology nonstop_tsc pni pclmulqdq monitor ssse3 cx16 sse4_1 sse4_2 popcnt aes xsave avx rdrand lahf_lm
bogomips	: 3390.27
clflush size	: 64
cache_alignment	: 64
address sizes	: 36 bits physical, 48 bits virtual
power management:



Memory: 4k page, physical 1533868k(111056k free), swap 0k(0k free)

vm_info: Java HotSpot(TM) 64-Bit Server VM (25.131-b11) for linux-amd64 JRE (1.8.0_131-b11), built on Mar 15 2017 01:23:40 by "java_re" with gcc 4.3.0 20080428 (Red Hat 4.3.0-8)

time: Fri May 12 13:52:39 2017
elapsed time: 11 seconds (0d 0h 0m 11s)

